
*** Running vivado
    with args -log simple_arm_wrapper.vdi -applog -m64 -product Vivado -messageDb vivado.pb -mode batch -source simple_arm_wrapper.tcl -notrace


****** Vivado v2020.2 (64-bit)
  **** SW Build 3064766 on Wed Nov 18 09:12:47 MST 2020
  **** IP Build 3064653 on Wed Nov 18 14:17:31 MST 2020
    ** Copyright 1986-2020 Xilinx, Inc. All Rights Reserved.

source simple_arm_wrapper.tcl -notrace
INFO: [IP_Flow 19-234] Refreshing IP repositories
INFO: [IP_Flow 19-1704] No user IP repositories specified
INFO: [IP_Flow 19-2313] Loaded Vivado IP repository '/opt/Xilinx/Vivado/2020.2/data/ip'.
Command: link_design -top simple_arm_wrapper -part xc7z020clg484-1
Design is defaulting to srcset: sources_1
Design is defaulting to constrset: constrs_1
INFO: [Device 21-403] Loading part xc7z020clg484-1
INFO: [Project 1-454] Reading design checkpoint '/home/inf2020/gkapakos/Desktop/Embedded/labs/lab2/step1/interrupt_arm/lab2_interrupt_arm/lab2_interrupt_arm.gen/sources_1/bd/simple_arm/ip/simple_arm_axi_gpio_0_1/simple_arm_axi_gpio_0_1.dcp' for cell 'simple_arm_i/btns_5bit'
INFO: [Project 1-454] Reading design checkpoint '/home/inf2020/gkapakos/Desktop/Embedded/labs/lab2/step1/interrupt_arm/lab2_interrupt_arm/lab2_interrupt_arm.gen/sources_1/bd/simple_arm/ip/simple_arm_processing_system7_0_0/simple_arm_processing_system7_0_0.dcp' for cell 'simple_arm_i/processing_system7_0'
INFO: [Project 1-454] Reading design checkpoint '/home/inf2020/gkapakos/Desktop/Embedded/labs/lab2/step1/interrupt_arm/lab2_interrupt_arm/lab2_interrupt_arm.gen/sources_1/bd/simple_arm/ip/simple_arm_rst_ps7_0_100M_0/simple_arm_rst_ps7_0_100M_0.dcp' for cell 'simple_arm_i/rst_ps7_0_100M'
INFO: [Project 1-454] Reading design checkpoint '/home/inf2020/gkapakos/Desktop/Embedded/labs/lab2/step1/interrupt_arm/lab2_interrupt_arm/lab2_interrupt_arm.gen/sources_1/bd/simple_arm/ip/simple_arm_axi_gpio_0_0/simple_arm_axi_gpio_0_0.dcp' for cell 'simple_arm_i/sw_8bit'
INFO: [Project 1-454] Reading design checkpoint '/home/inf2020/gkapakos/Desktop/Embedded/labs/lab2/step1/interrupt_arm/lab2_interrupt_arm/lab2_interrupt_arm.gen/sources_1/bd/simple_arm/ip/simple_arm_xbar_0/simple_arm_xbar_0.dcp' for cell 'simple_arm_i/ps7_0_axi_periph/xbar'
INFO: [Project 1-454] Reading design checkpoint '/home/inf2020/gkapakos/Desktop/Embedded/labs/lab2/step1/interrupt_arm/lab2_interrupt_arm/lab2_interrupt_arm.gen/sources_1/bd/simple_arm/ip/simple_arm_auto_pc_0/simple_arm_auto_pc_0.dcp' for cell 'simple_arm_i/ps7_0_axi_periph/s00_couplers/auto_pc'
Netlist sorting complete. Time (s): cpu = 00:00:00.04 ; elapsed = 00:00:00.04 . Memory (MB): peak = 2407.352 ; gain = 0.000 ; free physical = 24392 ; free virtual = 36508
INFO: [Netlist 29-17] Analyzing 18 Unisim elements for replacement
INFO: [Netlist 29-28] Unisim Transformation completed in 0 CPU seconds
INFO: [Project 1-479] Netlist was created with Vivado 2020.2
INFO: [Project 1-570] Preparing netlist for logic optimization
Parsing XDC File [/home/inf2020/gkapakos/Desktop/Embedded/labs/lab2/step1/interrupt_arm/lab2_interrupt_arm/lab2_interrupt_arm.gen/sources_1/bd/simple_arm/ip/simple_arm_processing_system7_0_0/simple_arm_processing_system7_0_0.xdc] for cell 'simple_arm_i/processing_system7_0/inst'
Finished Parsing XDC File [/home/inf2020/gkapakos/Desktop/Embedded/labs/lab2/step1/interrupt_arm/lab2_interrupt_arm/lab2_interrupt_arm.gen/sources_1/bd/simple_arm/ip/simple_arm_processing_system7_0_0/simple_arm_processing_system7_0_0.xdc] for cell 'simple_arm_i/processing_system7_0/inst'
Parsing XDC File [/home/inf2020/gkapakos/Desktop/Embedded/labs/lab2/step1/interrupt_arm/lab2_interrupt_arm/lab2_interrupt_arm.gen/sources_1/bd/simple_arm/ip/simple_arm_axi_gpio_0_0/simple_arm_axi_gpio_0_0_board.xdc] for cell 'simple_arm_i/sw_8bit/U0'
Finished Parsing XDC File [/home/inf2020/gkapakos/Desktop/Embedded/labs/lab2/step1/interrupt_arm/lab2_interrupt_arm/lab2_interrupt_arm.gen/sources_1/bd/simple_arm/ip/simple_arm_axi_gpio_0_0/simple_arm_axi_gpio_0_0_board.xdc] for cell 'simple_arm_i/sw_8bit/U0'
Parsing XDC File [/home/inf2020/gkapakos/Desktop/Embedded/labs/lab2/step1/interrupt_arm/lab2_interrupt_arm/lab2_interrupt_arm.gen/sources_1/bd/simple_arm/ip/simple_arm_axi_gpio_0_0/simple_arm_axi_gpio_0_0.xdc] for cell 'simple_arm_i/sw_8bit/U0'
Finished Parsing XDC File [/home/inf2020/gkapakos/Desktop/Embedded/labs/lab2/step1/interrupt_arm/lab2_interrupt_arm/lab2_interrupt_arm.gen/sources_1/bd/simple_arm/ip/simple_arm_axi_gpio_0_0/simple_arm_axi_gpio_0_0.xdc] for cell 'simple_arm_i/sw_8bit/U0'
Parsing XDC File [/home/inf2020/gkapakos/Desktop/Embedded/labs/lab2/step1/interrupt_arm/lab2_interrupt_arm/lab2_interrupt_arm.gen/sources_1/bd/simple_arm/ip/simple_arm_rst_ps7_0_100M_0/simple_arm_rst_ps7_0_100M_0_board.xdc] for cell 'simple_arm_i/rst_ps7_0_100M/U0'
Finished Parsing XDC File [/home/inf2020/gkapakos/Desktop/Embedded/labs/lab2/step1/interrupt_arm/lab2_interrupt_arm/lab2_interrupt_arm.gen/sources_1/bd/simple_arm/ip/simple_arm_rst_ps7_0_100M_0/simple_arm_rst_ps7_0_100M_0_board.xdc] for cell 'simple_arm_i/rst_ps7_0_100M/U0'
Parsing XDC File [/home/inf2020/gkapakos/Desktop/Embedded/labs/lab2/step1/interrupt_arm/lab2_interrupt_arm/lab2_interrupt_arm.gen/sources_1/bd/simple_arm/ip/simple_arm_rst_ps7_0_100M_0/simple_arm_rst_ps7_0_100M_0.xdc] for cell 'simple_arm_i/rst_ps7_0_100M/U0'
Finished Parsing XDC File [/home/inf2020/gkapakos/Desktop/Embedded/labs/lab2/step1/interrupt_arm/lab2_interrupt_arm/lab2_interrupt_arm.gen/sources_1/bd/simple_arm/ip/simple_arm_rst_ps7_0_100M_0/simple_arm_rst_ps7_0_100M_0.xdc] for cell 'simple_arm_i/rst_ps7_0_100M/U0'
Parsing XDC File [/home/inf2020/gkapakos/Desktop/Embedded/labs/lab2/step1/interrupt_arm/lab2_interrupt_arm/lab2_interrupt_arm.gen/sources_1/bd/simple_arm/ip/simple_arm_axi_gpio_0_1/simple_arm_axi_gpio_0_1_board.xdc] for cell 'simple_arm_i/btns_5bit/U0'
Finished Parsing XDC File [/home/inf2020/gkapakos/Desktop/Embedded/labs/lab2/step1/interrupt_arm/lab2_interrupt_arm/lab2_interrupt_arm.gen/sources_1/bd/simple_arm/ip/simple_arm_axi_gpio_0_1/simple_arm_axi_gpio_0_1_board.xdc] for cell 'simple_arm_i/btns_5bit/U0'
Parsing XDC File [/home/inf2020/gkapakos/Desktop/Embedded/labs/lab2/step1/interrupt_arm/lab2_interrupt_arm/lab2_interrupt_arm.gen/sources_1/bd/simple_arm/ip/simple_arm_axi_gpio_0_1/simple_arm_axi_gpio_0_1.xdc] for cell 'simple_arm_i/btns_5bit/U0'
Finished Parsing XDC File [/home/inf2020/gkapakos/Desktop/Embedded/labs/lab2/step1/interrupt_arm/lab2_interrupt_arm/lab2_interrupt_arm.gen/sources_1/bd/simple_arm/ip/simple_arm_axi_gpio_0_1/simple_arm_axi_gpio_0_1.xdc] for cell 'simple_arm_i/btns_5bit/U0'
INFO: [Opt 31-138] Pushed 0 inverter(s) to 0 load pin(s).
Netlist sorting complete. Time (s): cpu = 00:00:00 ; elapsed = 00:00:00 . Memory (MB): peak = 2447.215 ; gain = 0.000 ; free physical = 24300 ; free virtual = 36418
INFO: [Project 1-111] Unisim Transformation Summary:
No Unisim elements were transformed.

16 Infos, 0 Warnings, 0 Critical Warnings and 0 Errors encountered.
link_design completed successfully
link_design: Time (s): cpu = 00:00:10 ; elapsed = 00:00:12 . Memory (MB): peak = 2447.215 ; gain = 48.234 ; free physical = 24300 ; free virtual = 36418
Command: opt_design
Attempting to get a license for feature 'Implementation' and/or device 'xc7z020'
INFO: [Common 17-349] Got license for feature 'Implementation' and/or device 'xc7z020'
Running DRC as a precondition to command opt_design

Starting DRC Task
INFO: [DRC 23-27] Running DRC with 4 threads
INFO: [Project 1-461] DRC finished with 0 Errors
INFO: [Project 1-462] Please refer to the DRC report (report_drc) for more information.

Time (s): cpu = 00:00:02 ; elapsed = 00:00:01 . Memory (MB): peak = 2463.215 ; gain = 16.000 ; free physical = 24250 ; free virtual = 36368

Starting Cache Timing Information Task
INFO: [Timing 38-35] Done setting XDC timing constraints.
Ending Cache Timing Information Task | Checksum: 1559f351a

Time (s): cpu = 00:00:07 ; elapsed = 00:00:08 . Memory (MB): peak = 2712.168 ; gain = 248.953 ; free physical = 23852 ; free virtual = 35987

Starting Logic Optimization Task

Phase 1 Retarget
INFO: [Opt 31-138] Pushed 0 inverter(s) to 0 load pin(s).
INFO: [Opt 31-49] Retargeted 0 cell(s).
Phase 1 Retarget | Checksum: 19359421b

Time (s): cpu = 00:00:00.15 ; elapsed = 00:00:00.13 . Memory (MB): peak = 2883.105 ; gain = 0.000 ; free physical = 23675 ; free virtual = 35827
INFO: [Opt 31-389] Phase Retarget created 6 cells and removed 42 cells
INFO: [Opt 31-1021] In phase Retarget, 13 netlist objects are constrained preventing optimization. Please run opt_design with -debug_log to get more detail. 

Phase 2 Constant propagation
INFO: [Opt 31-138] Pushed 0 inverter(s) to 0 load pin(s).
Phase 2 Constant propagation | Checksum: 19359421b

Time (s): cpu = 00:00:00.16 ; elapsed = 00:00:00.14 . Memory (MB): peak = 2883.105 ; gain = 0.000 ; free physical = 23675 ; free virtual = 35827
INFO: [Opt 31-389] Phase Constant propagation created 0 cells and removed 0 cells

Phase 3 Sweep
Phase 3 Sweep | Checksum: 14dc16bfd

Time (s): cpu = 00:00:00.34 ; elapsed = 00:00:00.32 . Memory (MB): peak = 2883.105 ; gain = 0.000 ; free physical = 23675 ; free virtual = 35826
INFO: [Opt 31-389] Phase Sweep created 0 cells and removed 79 cells

Phase 4 BUFG optimization
Phase 4 BUFG optimization | Checksum: 14dc16bfd

Time (s): cpu = 00:00:00.37 ; elapsed = 00:00:00.36 . Memory (MB): peak = 2883.105 ; gain = 0.000 ; free physical = 23675 ; free virtual = 35826
INFO: [Opt 31-662] Phase BUFG optimization created 0 cells of which 0 are BUFGs and removed 0 cells.

Phase 5 Shift Register Optimization
INFO: [Opt 31-1064] SRL Remap converted 0 SRLs to 0 registers and converted 0 registers of register chains to 0 SRLs
Phase 5 Shift Register Optimization | Checksum: 14dc16bfd

Time (s): cpu = 00:00:00.38 ; elapsed = 00:00:00.36 . Memory (MB): peak = 2883.105 ; gain = 0.000 ; free physical = 23675 ; free virtual = 35826
INFO: [Opt 31-389] Phase Shift Register Optimization created 0 cells and removed 0 cells

Phase 6 Post Processing Netlist
Phase 6 Post Processing Netlist | Checksum: 14dc16bfd

Time (s): cpu = 00:00:00.39 ; elapsed = 00:00:00.38 . Memory (MB): peak = 2883.105 ; gain = 0.000 ; free physical = 23675 ; free virtual = 35826
INFO: [Opt 31-389] Phase Post Processing Netlist created 0 cells and removed 0 cells
Opt_design Change Summary
=========================


-------------------------------------------------------------------------------------------------------------------------
|  Phase                        |  #Cells created  |  #Cells Removed  |  #Constrained objects preventing optimizations  |
-------------------------------------------------------------------------------------------------------------------------
|  Retarget                     |               6  |              42  |                                             13  |
|  Constant propagation         |               0  |               0  |                                              0  |
|  Sweep                        |               0  |              79  |                                              0  |
|  BUFG optimization            |               0  |               0  |                                              0  |
|  Shift Register Optimization  |               0  |               0  |                                              0  |
|  Post Processing Netlist      |               0  |               0  |                                              0  |
-------------------------------------------------------------------------------------------------------------------------



Starting Connectivity Check Task

Time (s): cpu = 00:00:00.01 ; elapsed = 00:00:00 . Memory (MB): peak = 2883.105 ; gain = 0.000 ; free physical = 23675 ; free virtual = 35827
Ending Logic Optimization Task | Checksum: 14802353a

Time (s): cpu = 00:00:00.46 ; elapsed = 00:00:00.44 . Memory (MB): peak = 2883.105 ; gain = 0.000 ; free physical = 23675 ; free virtual = 35827

Starting Power Optimization Task
INFO: [Pwropt 34-132] Skipping clock gating for clocks with a period < 2.00 ns.
Ending Power Optimization Task | Checksum: 14802353a

Time (s): cpu = 00:00:00.01 ; elapsed = 00:00:00.01 . Memory (MB): peak = 2883.105 ; gain = 0.000 ; free physical = 23675 ; free virtual = 35827

Starting Final Cleanup Task
Ending Final Cleanup Task | Checksum: 14802353a

Time (s): cpu = 00:00:00 ; elapsed = 00:00:00 . Memory (MB): peak = 2883.105 ; gain = 0.000 ; free physical = 23675 ; free virtual = 35827

Starting Netlist Obfuscation Task
Netlist sorting complete. Time (s): cpu = 00:00:00 ; elapsed = 00:00:00 . Memory (MB): peak = 2883.105 ; gain = 0.000 ; free physical = 23675 ; free virtual = 35827
Ending Netlist Obfuscation Task | Checksum: 14802353a

Time (s): cpu = 00:00:00 ; elapsed = 00:00:00 . Memory (MB): peak = 2883.105 ; gain = 0.000 ; free physical = 23675 ; free virtual = 35827
INFO: [Common 17-83] Releasing license: Implementation
34 Infos, 0 Warnings, 0 Critical Warnings and 0 Errors encountered.
opt_design completed successfully
opt_design: Time (s): cpu = 00:00:11 ; elapsed = 00:00:11 . Memory (MB): peak = 2883.105 ; gain = 435.891 ; free physical = 23675 ; free virtual = 35827
INFO: [Timing 38-480] Writing timing data to binary archive.
Writing placer database...
Writing XDEF routing.
Writing XDEF routing logical nets.
Writing XDEF routing special nets.
Write XDEF Complete: Time (s): cpu = 00:00:00.35 ; elapsed = 00:00:00.21 . Memory (MB): peak = 2923.125 ; gain = 0.000 ; free physical = 23679 ; free virtual = 35834
INFO: [Common 17-1381] The checkpoint '/home/inf2020/gkapakos/Desktop/Embedded/labs/lab2/step1/interrupt_arm/lab2_interrupt_arm/lab2_interrupt_arm.runs/impl_1/simple_arm_wrapper_opt.dcp' has been generated.
INFO: [runtcl-4] Executing : report_drc -file simple_arm_wrapper_drc_opted.rpt -pb simple_arm_wrapper_drc_opted.pb -rpx simple_arm_wrapper_drc_opted.rpx
Command: report_drc -file simple_arm_wrapper_drc_opted.rpt -pb simple_arm_wrapper_drc_opted.pb -rpx simple_arm_wrapper_drc_opted.rpx
INFO: [IP_Flow 19-1839] IP Catalog is up to date.
INFO: [Timing 38-35] Done setting XDC timing constraints.
INFO: [DRC 23-27] Running DRC with 4 threads
INFO: [Coretcl 2-168] The results of DRC are in file /home/inf2020/gkapakos/Desktop/Embedded/labs/lab2/step1/interrupt_arm/lab2_interrupt_arm/lab2_interrupt_arm.runs/impl_1/simple_arm_wrapper_drc_opted.rpt.
report_drc completed successfully
Command: place_design
Attempting to get a license for feature 'Implementation' and/or device 'xc7z020'
INFO: [Common 17-349] Got license for feature 'Implementation' and/or device 'xc7z020'
INFO: [DRC 23-27] Running DRC with 4 threads
INFO: [Vivado_Tcl 4-198] DRC finished with 0 Errors
INFO: [Vivado_Tcl 4-199] Please refer to the DRC report (report_drc) for more information.
Running DRC as a precondition to command place_design
INFO: [DRC 23-27] Running DRC with 4 threads
INFO: [Vivado_Tcl 4-198] DRC finished with 0 Errors
INFO: [Vivado_Tcl 4-199] Please refer to the DRC report (report_drc) for more information.

Starting Placer Task
INFO: [Place 30-611] Multithreading enabled for place_design using a maximum of 4 CPUs

Phase 1 Placer Initialization

Phase 1.1 Placer Initialization Netlist Sorting
Netlist sorting complete. Time (s): cpu = 00:00:00 ; elapsed = 00:00:00 . Memory (MB): peak = 3026.754 ; gain = 0.000 ; free physical = 23607 ; free virtual = 35762
Phase 1.1 Placer Initialization Netlist Sorting | Checksum: 4c555bb7

Time (s): cpu = 00:00:00.01 ; elapsed = 00:00:00.03 . Memory (MB): peak = 3026.754 ; gain = 0.000 ; free physical = 23607 ; free virtual = 35762
Netlist sorting complete. Time (s): cpu = 00:00:00 ; elapsed = 00:00:00 . Memory (MB): peak = 3026.754 ; gain = 0.000 ; free physical = 23607 ; free virtual = 35762

Phase 1.2 IO Placement/ Clock Placement/ Build Placer Device
Phase 1.2 IO Placement/ Clock Placement/ Build Placer Device | Checksum: 15827ab7d

Time (s): cpu = 00:00:00.49 ; elapsed = 00:00:00.42 . Memory (MB): peak = 3026.754 ; gain = 0.000 ; free physical = 23623 ; free virtual = 35779

Phase 1.3 Build Placer Netlist Model
Phase 1.3 Build Placer Netlist Model | Checksum: 1ef1cabf0

Time (s): cpu = 00:00:00.92 ; elapsed = 00:00:00.67 . Memory (MB): peak = 3026.754 ; gain = 0.000 ; free physical = 23623 ; free virtual = 35780

Phase 1.4 Constrain Clocks/Macros
Phase 1.4 Constrain Clocks/Macros | Checksum: 1ef1cabf0

Time (s): cpu = 00:00:00.93 ; elapsed = 00:00:00.68 . Memory (MB): peak = 3026.754 ; gain = 0.000 ; free physical = 23623 ; free virtual = 35780
Phase 1 Placer Initialization | Checksum: 1ef1cabf0

Time (s): cpu = 00:00:00.94 ; elapsed = 00:00:00.69 . Memory (MB): peak = 3026.754 ; gain = 0.000 ; free physical = 23623 ; free virtual = 35780

Phase 2 Global Placement

Phase 2.1 Floorplanning
Phase 2.1 Floorplanning | Checksum: 1979611d7

Time (s): cpu = 00:00:01 ; elapsed = 00:00:00.76 . Memory (MB): peak = 3026.754 ; gain = 0.000 ; free physical = 23622 ; free virtual = 35780

Phase 2.2 Update Timing before SLR Path Opt
Phase 2.2 Update Timing before SLR Path Opt | Checksum: 21b812d45

Time (s): cpu = 00:00:01 ; elapsed = 00:00:00.81 . Memory (MB): peak = 3026.754 ; gain = 0.000 ; free physical = 23622 ; free virtual = 35780

Phase 2.3 Global Placement Core

Phase 2.3.1 Physical Synthesis In Placer
INFO: [Physopt 32-1035] Found 0 LUTNM shape to break, 29 LUT instances to create LUTNM shape
INFO: [Physopt 32-1044] Break lutnm for timing: one critical 0, two critical 0, total 0, new lutff created 0
INFO: [Physopt 32-775] End 1 Pass. Optimized 12 nets or cells. Created 0 new cell, deleted 12 existing cells and moved 0 existing cell
INFO: [Physopt 32-65] No nets found for high-fanout optimization.
INFO: [Physopt 32-232] Optimized 0 net. Created 0 new instance.
INFO: [Physopt 32-775] End 1 Pass. Optimized 0 net or cell. Created 0 new cell, deleted 0 existing cell and moved 0 existing cell
INFO: [Physopt 32-670] No setup violation found.  DSP Register Optimization was not performed.
INFO: [Physopt 32-670] No setup violation found.  Shift Register to Pipeline Optimization was not performed.
INFO: [Physopt 32-670] No setup violation found.  Shift Register Optimization was not performed.
INFO: [Physopt 32-670] No setup violation found.  BRAM Register Optimization was not performed.
INFO: [Physopt 32-670] No setup violation found.  URAM Register Optimization was not performed.
INFO: [Physopt 32-949] No candidate nets found for dynamic/static region interface net replication
INFO: [Physopt 32-775] End 1 Pass. Optimized 0 net or cell. Created 0 new cell, deleted 0 existing cell and moved 0 existing cell
Netlist sorting complete. Time (s): cpu = 00:00:00 ; elapsed = 00:00:00 . Memory (MB): peak = 3026.754 ; gain = 0.000 ; free physical = 23614 ; free virtual = 35774

Summary of Physical Synthesis Optimizations
============================================


-----------------------------------------------------------------------------------------------------------------------------------------------------------
|  Optimization                                     |  Added Cells  |  Removed Cells  |  Optimized Cells/Nets  |  Dont Touch  |  Iterations  |  Elapsed   |
-----------------------------------------------------------------------------------------------------------------------------------------------------------
|  LUT Combining                                    |            0  |             12  |                    12  |           0  |           1  |  00:00:00  |
|  Very High Fanout                                 |            0  |              0  |                     0  |           0  |           1  |  00:00:00  |
|  DSP Register                                     |            0  |              0  |                     0  |           0  |           0  |  00:00:00  |
|  Shift Register to Pipeline                       |            0  |              0  |                     0  |           0  |           0  |  00:00:00  |
|  Shift Register                                   |            0  |              0  |                     0  |           0  |           0  |  00:00:00  |
|  BRAM Register                                    |            0  |              0  |                     0  |           0  |           0  |  00:00:00  |
|  URAM Register                                    |            0  |              0  |                     0  |           0  |           0  |  00:00:00  |
|  Dynamic/Static Region Interface Net Replication  |            0  |              0  |                     0  |           0  |           1  |  00:00:00  |
|  Total                                            |            0  |             12  |                    12  |           0  |           3  |  00:00:00  |
-----------------------------------------------------------------------------------------------------------------------------------------------------------


Phase 2.3.1 Physical Synthesis In Placer | Checksum: 172544881

Time (s): cpu = 00:00:03 ; elapsed = 00:00:02 . Memory (MB): peak = 3026.754 ; gain = 0.000 ; free physical = 23614 ; free virtual = 35774
Phase 2.3 Global Placement Core | Checksum: 1783012cd

Time (s): cpu = 00:00:04 ; elapsed = 00:00:02 . Memory (MB): peak = 3026.754 ; gain = 0.000 ; free physical = 23614 ; free virtual = 35774
Phase 2 Global Placement | Checksum: 1783012cd

Time (s): cpu = 00:00:04 ; elapsed = 00:00:02 . Memory (MB): peak = 3026.754 ; gain = 0.000 ; free physical = 23614 ; free virtual = 35774

Phase 3 Detail Placement

Phase 3.1 Commit Multi Column Macros
Phase 3.1 Commit Multi Column Macros | Checksum: 1c3c6c20e

Time (s): cpu = 00:00:04 ; elapsed = 00:00:02 . Memory (MB): peak = 3026.754 ; gain = 0.000 ; free physical = 23614 ; free virtual = 35774

Phase 3.2 Commit Most Macros & LUTRAMs
Phase 3.2 Commit Most Macros & LUTRAMs | Checksum: 2099a8a4f

Time (s): cpu = 00:00:04 ; elapsed = 00:00:02 . Memory (MB): peak = 3026.754 ; gain = 0.000 ; free physical = 23614 ; free virtual = 35774

Phase 3.3 Area Swap Optimization
Phase 3.3 Area Swap Optimization | Checksum: 22cee6fc2

Time (s): cpu = 00:00:04 ; elapsed = 00:00:02 . Memory (MB): peak = 3026.754 ; gain = 0.000 ; free physical = 23614 ; free virtual = 35774

Phase 3.4 Pipeline Register Optimization
Phase 3.4 Pipeline Register Optimization | Checksum: 2243b2fb5

Time (s): cpu = 00:00:04 ; elapsed = 00:00:02 . Memory (MB): peak = 3026.754 ; gain = 0.000 ; free physical = 23614 ; free virtual = 35774

Phase 3.5 Small Shape Detail Placement
Phase 3.5 Small Shape Detail Placement | Checksum: 2736eed59

Time (s): cpu = 00:00:04 ; elapsed = 00:00:03 . Memory (MB): peak = 3026.754 ; gain = 0.000 ; free physical = 23640 ; free virtual = 35800

Phase 3.6 Re-assign LUT pins
Phase 3.6 Re-assign LUT pins | Checksum: 191b713ea

Time (s): cpu = 00:00:05 ; elapsed = 00:00:03 . Memory (MB): peak = 3026.754 ; gain = 0.000 ; free physical = 23639 ; free virtual = 35799

Phase 3.7 Pipeline Register Optimization
Phase 3.7 Pipeline Register Optimization | Checksum: 18942d3dd

Time (s): cpu = 00:00:05 ; elapsed = 00:00:03 . Memory (MB): peak = 3026.754 ; gain = 0.000 ; free physical = 23639 ; free virtual = 35799
Phase 3 Detail Placement | Checksum: 18942d3dd

Time (s): cpu = 00:00:05 ; elapsed = 00:00:03 . Memory (MB): peak = 3026.754 ; gain = 0.000 ; free physical = 23639 ; free virtual = 35799

Phase 4 Post Placement Optimization and Clean-Up

Phase 4.1 Post Commit Optimization
INFO: [Timing 38-35] Done setting XDC timing constraints.

Phase 4.1.1 Post Placement Optimization
Post Placement Optimization Initialization | Checksum: 12da881be

Phase 4.1.1.1 BUFG Insertion

Starting Physical Synthesis Task

Phase 1 Physical Synthesis Initialization
INFO: [Physopt 32-721] Multithreading enabled for phys_opt_design using a maximum of 4 CPUs
INFO: [Physopt 32-619] Estimated Timing Summary | WNS=3.002 | TNS=0.000 |
Phase 1 Physical Synthesis Initialization | Checksum: 21b656a96

Time (s): cpu = 00:00:00.09 ; elapsed = 00:00:00.05 . Memory (MB): peak = 3026.754 ; gain = 0.000 ; free physical = 23637 ; free virtual = 35798
INFO: [Place 46-56] BUFG insertion identified 0 candidate nets. Inserted BUFG: 0, Replicated BUFG Driver: 0, Skipped due to Placement/Routing Conflicts: 0, Skipped due to Timing Degradation: 0, Skipped due to Illegal Netlist: 0.
Ending Physical Synthesis Task | Checksum: 1d8e8d542

Time (s): cpu = 00:00:00.10 ; elapsed = 00:00:00.06 . Memory (MB): peak = 3026.754 ; gain = 0.000 ; free physical = 23637 ; free virtual = 35798
Phase 4.1.1.1 BUFG Insertion | Checksum: 12da881be

Time (s): cpu = 00:00:05 ; elapsed = 00:00:03 . Memory (MB): peak = 3026.754 ; gain = 0.000 ; free physical = 23637 ; free virtual = 35798
INFO: [Place 30-746] Post Placement Timing Summary WNS=3.002. For the most accurate timing information please run report_timing.

Time (s): cpu = 00:00:05 ; elapsed = 00:00:03 . Memory (MB): peak = 3026.754 ; gain = 0.000 ; free physical = 23637 ; free virtual = 35798
Phase 4.1 Post Commit Optimization | Checksum: 187b063fd

Time (s): cpu = 00:00:05 ; elapsed = 00:00:03 . Memory (MB): peak = 3026.754 ; gain = 0.000 ; free physical = 23637 ; free virtual = 35798

Phase 4.2 Post Placement Cleanup
Phase 4.2 Post Placement Cleanup | Checksum: 187b063fd

Time (s): cpu = 00:00:05 ; elapsed = 00:00:03 . Memory (MB): peak = 3026.754 ; gain = 0.000 ; free physical = 23637 ; free virtual = 35798

Phase 4.3 Placer Reporting

Phase 4.3.1 Print Estimated Congestion
INFO: [Place 30-612] Post-Placement Estimated Congestion 
 ____________________________________________________
|           | Global Congestion | Short Congestion  |
| Direction | Region Size       | Region Size       |
|___________|___________________|___________________|
|      North|                1x1|                1x1|
|___________|___________________|___________________|
|      South|                1x1|                1x1|
|___________|___________________|___________________|
|       East|                1x1|                1x1|
|___________|___________________|___________________|
|       West|                1x1|                1x1|
|___________|___________________|___________________|

Phase 4.3.1 Print Estimated Congestion | Checksum: 187b063fd

Time (s): cpu = 00:00:05 ; elapsed = 00:00:03 . Memory (MB): peak = 3026.754 ; gain = 0.000 ; free physical = 23637 ; free virtual = 35798
Phase 4.3 Placer Reporting | Checksum: 187b063fd

Time (s): cpu = 00:00:05 ; elapsed = 00:00:03 . Memory (MB): peak = 3026.754 ; gain = 0.000 ; free physical = 23637 ; free virtual = 35798

Phase 4.4 Final Placement Cleanup
Netlist sorting complete. Time (s): cpu = 00:00:00 ; elapsed = 00:00:00.01 . Memory (MB): peak = 3026.754 ; gain = 0.000 ; free physical = 23637 ; free virtual = 35798

Time (s): cpu = 00:00:05 ; elapsed = 00:00:03 . Memory (MB): peak = 3026.754 ; gain = 0.000 ; free physical = 23637 ; free virtual = 35798
Phase 4 Post Placement Optimization and Clean-Up | Checksum: 16b72fa6c

Time (s): cpu = 00:00:05 ; elapsed = 00:00:03 . Memory (MB): peak = 3026.754 ; gain = 0.000 ; free physical = 23637 ; free virtual = 35798
Ending Placer Task | Checksum: c0fe922e

Time (s): cpu = 00:00:05 ; elapsed = 00:00:03 . Memory (MB): peak = 3026.754 ; gain = 0.000 ; free physical = 23637 ; free virtual = 35798
INFO: [Common 17-83] Releasing license: Implementation
69 Infos, 0 Warnings, 0 Critical Warnings and 0 Errors encountered.
place_design completed successfully
INFO: [Timing 38-480] Writing timing data to binary archive.
Writing placer database...
Writing XDEF routing.
Writing XDEF routing logical nets.
Writing XDEF routing special nets.
Write XDEF Complete: Time (s): cpu = 00:00:00.67 ; elapsed = 00:00:00.35 . Memory (MB): peak = 3026.754 ; gain = 0.000 ; free physical = 23631 ; free virtual = 35795
INFO: [Common 17-1381] The checkpoint '/home/inf2020/gkapakos/Desktop/Embedded/labs/lab2/step1/interrupt_arm/lab2_interrupt_arm/lab2_interrupt_arm.runs/impl_1/simple_arm_wrapper_placed.dcp' has been generated.
INFO: [runtcl-4] Executing : report_io -file simple_arm_wrapper_io_placed.rpt
report_io: Time (s): cpu = 00:00:00.10 ; elapsed = 00:00:00.17 . Memory (MB): peak = 3026.754 ; gain = 0.000 ; free physical = 23619 ; free virtual = 35781
INFO: [runtcl-4] Executing : report_utilization -file simple_arm_wrapper_utilization_placed.rpt -pb simple_arm_wrapper_utilization_placed.pb
INFO: [runtcl-4] Executing : report_control_sets -verbose -file simple_arm_wrapper_control_sets_placed.rpt
report_control_sets: Time (s): cpu = 00:00:00.03 ; elapsed = 00:00:00.07 . Memory (MB): peak = 3026.754 ; gain = 0.000 ; free physical = 23646 ; free virtual = 35808
Command: phys_opt_design
Attempting to get a license for feature 'Implementation' and/or device 'xc7z020'
INFO: [Common 17-349] Got license for feature 'Implementation' and/or device 'xc7z020'
INFO: [Vivado_Tcl 4-383] Design worst setup slack (WNS) is greater than or equal to 0.000 ns. Skipping all physical synthesis optimizations.
INFO: [Vivado_Tcl 4-232] No setup violation found. The netlist was not modified.
INFO: [Common 17-83] Releasing license: Implementation
78 Infos, 0 Warnings, 0 Critical Warnings and 0 Errors encountered.
phys_opt_design completed successfully
INFO: [Timing 38-480] Writing timing data to binary archive.
Writing placer database...
Writing XDEF routing.
Writing XDEF routing logical nets.
Writing XDEF routing special nets.
Write XDEF Complete: Time (s): cpu = 00:00:00.70 ; elapsed = 00:00:00.35 . Memory (MB): peak = 3026.754 ; gain = 0.000 ; free physical = 23599 ; free virtual = 35765
INFO: [Common 17-1381] The checkpoint '/home/inf2020/gkapakos/Desktop/Embedded/labs/lab2/step1/interrupt_arm/lab2_interrupt_arm/lab2_interrupt_arm.runs/impl_1/simple_arm_wrapper_physopt.dcp' has been generated.
Command: route_design
Attempting to get a license for feature 'Implementation' and/or device 'xc7z020'
INFO: [Common 17-349] Got license for feature 'Implementation' and/or device 'xc7z020'
Running DRC as a precondition to command route_design
INFO: [DRC 23-27] Running DRC with 4 threads
INFO: [Vivado_Tcl 4-198] DRC finished with 0 Errors
INFO: [Vivado_Tcl 4-199] Please refer to the DRC report (report_drc) for more information.


Starting Routing Task
INFO: [Route 35-254] Multithreading enabled for route_design using a maximum of 4 CPUs
Checksum: PlaceDB: deff0ab ConstDB: 0 ShapeSum: b30ea183 RouteDB: 0

Phase 1 Build RT Design
Phase 1 Build RT Design | Checksum: 14e5db764

Time (s): cpu = 00:00:18 ; elapsed = 00:00:15 . Memory (MB): peak = 3084.125 ; gain = 57.371 ; free physical = 23533 ; free virtual = 35654
Post Restoration Checksum: NetGraph: ac7902ed NumContArr: a1e4b477 Constraints: 0 Timing: 0

Phase 2 Router Initialization

Phase 2.1 Create Timer
Phase 2.1 Create Timer | Checksum: 14e5db764

Time (s): cpu = 00:00:18 ; elapsed = 00:00:15 . Memory (MB): peak = 3084.125 ; gain = 57.371 ; free physical = 23545 ; free virtual = 35666

Phase 2.2 Fix Topology Constraints
Phase 2.2 Fix Topology Constraints | Checksum: 14e5db764

Time (s): cpu = 00:00:18 ; elapsed = 00:00:15 . Memory (MB): peak = 3092.121 ; gain = 65.367 ; free physical = 23526 ; free virtual = 35647

Phase 2.3 Pre Route Cleanup
Phase 2.3 Pre Route Cleanup | Checksum: 14e5db764

Time (s): cpu = 00:00:18 ; elapsed = 00:00:15 . Memory (MB): peak = 3092.121 ; gain = 65.367 ; free physical = 23526 ; free virtual = 35647
 Number of Nodes with overlaps = 0

Phase 2.4 Update Timing
Phase 2.4 Update Timing | Checksum: 12adab6d5

Time (s): cpu = 00:00:19 ; elapsed = 00:00:15 . Memory (MB): peak = 3117.004 ; gain = 90.250 ; free physical = 23506 ; free virtual = 35626
INFO: [Route 35-416] Intermediate Timing Summary | WNS=3.032  | TNS=0.000  | WHS=-0.151 | THS=-23.445|

Phase 2 Router Initialization | Checksum: 803194c9

Time (s): cpu = 00:00:19 ; elapsed = 00:00:16 . Memory (MB): peak = 3117.004 ; gain = 90.250 ; free physical = 23504 ; free virtual = 35624

Router Utilization Summary
  Global Vertical Routing Utilization    = 0 %
  Global Horizontal Routing Utilization  = 0 %
  Routable Net Status*
  *Does not include unroutable nets such as driverless and loadless.
  Run report_route_status for detailed report.
  Number of Failed Nets               = 1575
    (Failed Nets is the sum of unrouted and partially routed nets)
  Number of Unrouted Nets             = 1575
  Number of Partially Routed Nets     = 0
  Number of Node Overlaps             = 0


Phase 3 Initial Routing

Phase 3.1 Global Routing
Phase 3.1 Global Routing | Checksum: 803194c9

Time (s): cpu = 00:00:20 ; elapsed = 00:00:16 . Memory (MB): peak = 3117.004 ; gain = 90.250 ; free physical = 23500 ; free virtual = 35621
Phase 3 Initial Routing | Checksum: 93ffb61b

Time (s): cpu = 00:00:20 ; elapsed = 00:00:16 . Memory (MB): peak = 3117.004 ; gain = 90.250 ; free physical = 23499 ; free virtual = 35619

Phase 4 Rip-up And Reroute

Phase 4.1 Global Iteration 0
 Number of Nodes with overlaps = 120
 Number of Nodes with overlaps = 3
 Number of Nodes with overlaps = 0
INFO: [Route 35-416] Intermediate Timing Summary | WNS=3.748  | TNS=0.000  | WHS=N/A    | THS=N/A    |

Phase 4.1 Global Iteration 0 | Checksum: 1376578f5

Time (s): cpu = 00:00:21 ; elapsed = 00:00:16 . Memory (MB): peak = 3117.004 ; gain = 90.250 ; free physical = 23495 ; free virtual = 35615

Phase 4.2 Global Iteration 1
 Number of Nodes with overlaps = 0
INFO: [Route 35-416] Intermediate Timing Summary | WNS=3.748  | TNS=0.000  | WHS=N/A    | THS=N/A    |

Phase 4.2 Global Iteration 1 | Checksum: 526e500b

Time (s): cpu = 00:00:21 ; elapsed = 00:00:16 . Memory (MB): peak = 3117.004 ; gain = 90.250 ; free physical = 23495 ; free virtual = 35615
Phase 4 Rip-up And Reroute | Checksum: 526e500b

Time (s): cpu = 00:00:21 ; elapsed = 00:00:16 . Memory (MB): peak = 3117.004 ; gain = 90.250 ; free physical = 23495 ; free virtual = 35615

Phase 5 Delay and Skew Optimization

Phase 5.1 Delay CleanUp
Phase 5.1 Delay CleanUp | Checksum: 526e500b

Time (s): cpu = 00:00:21 ; elapsed = 00:00:16 . Memory (MB): peak = 3117.004 ; gain = 90.250 ; free physical = 23495 ; free virtual = 35615

Phase 5.2 Clock Skew Optimization
Phase 5.2 Clock Skew Optimization | Checksum: 526e500b

Time (s): cpu = 00:00:21 ; elapsed = 00:00:16 . Memory (MB): peak = 3117.004 ; gain = 90.250 ; free physical = 23495 ; free virtual = 35615
Phase 5 Delay and Skew Optimization | Checksum: 526e500b

Time (s): cpu = 00:00:21 ; elapsed = 00:00:16 . Memory (MB): peak = 3117.004 ; gain = 90.250 ; free physical = 23495 ; free virtual = 35615

Phase 6 Post Hold Fix

Phase 6.1 Hold Fix Iter

Phase 6.1.1 Update Timing
Phase 6.1.1 Update Timing | Checksum: 687dca45

Time (s): cpu = 00:00:21 ; elapsed = 00:00:16 . Memory (MB): peak = 3117.004 ; gain = 90.250 ; free physical = 23495 ; free virtual = 35615
INFO: [Route 35-416] Intermediate Timing Summary | WNS=3.914  | TNS=0.000  | WHS=0.045  | THS=0.000  |

Phase 6.1 Hold Fix Iter | Checksum: 131f7feba

Time (s): cpu = 00:00:21 ; elapsed = 00:00:16 . Memory (MB): peak = 3117.004 ; gain = 90.250 ; free physical = 23495 ; free virtual = 35616
Phase 6 Post Hold Fix | Checksum: 131f7feba

Time (s): cpu = 00:00:21 ; elapsed = 00:00:16 . Memory (MB): peak = 3117.004 ; gain = 90.250 ; free physical = 23495 ; free virtual = 35616

Phase 7 Route finalize

Router Utilization Summary
  Global Vertical Routing Utilization    = 0.192917 %
  Global Horizontal Routing Utilization  = 0.281356 %
  Routable Net Status*
  *Does not include unroutable nets such as driverless and loadless.
  Run report_route_status for detailed report.
  Number of Failed Nets               = 0
    (Failed Nets is the sum of unrouted and partially routed nets)
  Number of Unrouted Nets             = 0
  Number of Partially Routed Nets     = 0
  Number of Node Overlaps             = 0

Phase 7 Route finalize | Checksum: b83c6989

Time (s): cpu = 00:00:21 ; elapsed = 00:00:16 . Memory (MB): peak = 3117.004 ; gain = 90.250 ; free physical = 23495 ; free virtual = 35616

Phase 8 Verifying routed nets

 Verification completed successfully
Phase 8 Verifying routed nets | Checksum: b83c6989

Time (s): cpu = 00:00:21 ; elapsed = 00:00:16 . Memory (MB): peak = 3117.004 ; gain = 90.250 ; free physical = 23495 ; free virtual = 35616

Phase 9 Depositing Routes
Phase 9 Depositing Routes | Checksum: eb8996b0

Time (s): cpu = 00:00:21 ; elapsed = 00:00:16 . Memory (MB): peak = 3117.004 ; gain = 90.250 ; free physical = 23495 ; free virtual = 35616

Phase 10 Post Router Timing
INFO: [Route 35-57] Estimated Timing Summary | WNS=3.914  | TNS=0.000  | WHS=0.045  | THS=0.000  |

INFO: [Route 35-327] The final timing numbers are based on the router estimated timing analysis. For a complete and accurate timing signoff, please run report_timing_summary.
Phase 10 Post Router Timing | Checksum: eb8996b0

Time (s): cpu = 00:00:21 ; elapsed = 00:00:16 . Memory (MB): peak = 3117.004 ; gain = 90.250 ; free physical = 23495 ; free virtual = 35616
INFO: [Route 35-16] Router Completed Successfully

Time (s): cpu = 00:00:21 ; elapsed = 00:00:16 . Memory (MB): peak = 3117.004 ; gain = 90.250 ; free physical = 23509 ; free virtual = 35630

Routing Is Done.
INFO: [Common 17-83] Releasing license: Implementation
93 Infos, 0 Warnings, 0 Critical Warnings and 0 Errors encountered.
route_design completed successfully
route_design: Time (s): cpu = 00:00:23 ; elapsed = 00:00:18 . Memory (MB): peak = 3117.004 ; gain = 90.250 ; free physical = 23509 ; free virtual = 35630
INFO: [Common 17-600] The following parameters have non-default value.
general.maxThreads
INFO: [Timing 38-480] Writing timing data to binary archive.
Writing placer database...
Writing XDEF routing.
Writing XDEF routing logical nets.
Writing XDEF routing special nets.
Write XDEF Complete: Time (s): cpu = 00:00:00.73 ; elapsed = 00:00:00.37 . Memory (MB): peak = 3125.008 ; gain = 0.000 ; free physical = 23513 ; free virtual = 35638
INFO: [Common 17-1381] The checkpoint '/home/inf2020/gkapakos/Desktop/Embedded/labs/lab2/step1/interrupt_arm/lab2_interrupt_arm/lab2_interrupt_arm.runs/impl_1/simple_arm_wrapper_routed.dcp' has been generated.
INFO: [runtcl-4] Executing : report_drc -file simple_arm_wrapper_drc_routed.rpt -pb simple_arm_wrapper_drc_routed.pb -rpx simple_arm_wrapper_drc_routed.rpx
Command: report_drc -file simple_arm_wrapper_drc_routed.rpt -pb simple_arm_wrapper_drc_routed.pb -rpx simple_arm_wrapper_drc_routed.rpx
INFO: [IP_Flow 19-1839] IP Catalog is up to date.
INFO: [DRC 23-27] Running DRC with 4 threads
INFO: [Coretcl 2-168] The results of DRC are in file /home/inf2020/gkapakos/Desktop/Embedded/labs/lab2/step1/interrupt_arm/lab2_interrupt_arm/lab2_interrupt_arm.runs/impl_1/simple_arm_wrapper_drc_routed.rpt.
report_drc completed successfully
INFO: [runtcl-4] Executing : report_methodology -file simple_arm_wrapper_methodology_drc_routed.rpt -pb simple_arm_wrapper_methodology_drc_routed.pb -rpx simple_arm_wrapper_methodology_drc_routed.rpx
Command: report_methodology -file simple_arm_wrapper_methodology_drc_routed.rpt -pb simple_arm_wrapper_methodology_drc_routed.pb -rpx simple_arm_wrapper_methodology_drc_routed.rpx
INFO: [Timing 38-35] Done setting XDC timing constraints.
INFO: [DRC 23-133] Running Methodology with 4 threads
INFO: [Coretcl 2-1520] The results of Report Methodology are in file /home/inf2020/gkapakos/Desktop/Embedded/labs/lab2/step1/interrupt_arm/lab2_interrupt_arm/lab2_interrupt_arm.runs/impl_1/simple_arm_wrapper_methodology_drc_routed.rpt.
report_methodology completed successfully
INFO: [runtcl-4] Executing : report_power -file simple_arm_wrapper_power_routed.rpt -pb simple_arm_wrapper_power_summary_routed.pb -rpx simple_arm_wrapper_power_routed.rpx
Command: report_power -file simple_arm_wrapper_power_routed.rpt -pb simple_arm_wrapper_power_summary_routed.pb -rpx simple_arm_wrapper_power_routed.rpx
INFO: [Timing 38-35] Done setting XDC timing constraints.
Running Vector-less Activity Propagation...

Finished Running Vector-less Activity Propagation
106 Infos, 0 Warnings, 0 Critical Warnings and 0 Errors encountered.
report_power completed successfully
INFO: [runtcl-4] Executing : report_route_status -file simple_arm_wrapper_route_status.rpt -pb simple_arm_wrapper_route_status.pb
INFO: [runtcl-4] Executing : report_timing_summary -max_paths 10 -file simple_arm_wrapper_timing_summary_routed.rpt -pb simple_arm_wrapper_timing_summary_routed.pb -rpx simple_arm_wrapper_timing_summary_routed.rpx -warn_on_violation 
INFO: [Timing 38-91] UpdateTimingParams: Speed grade: -1, Delay Type: min_max.
INFO: [Timing 38-191] Multithreading enabled for timing update using a maximum of 4 CPUs
INFO: [runtcl-4] Executing : report_incremental_reuse -file simple_arm_wrapper_incremental_reuse_routed.rpt
INFO: [Vivado_Tcl 4-1062] Incremental flow is disabled. No incremental reuse Info to report.
INFO: [runtcl-4] Executing : report_clock_utilization -file simple_arm_wrapper_clock_utilization_routed.rpt
INFO: [runtcl-4] Executing : report_bus_skew -warn_on_violation -file simple_arm_wrapper_bus_skew_routed.rpt -pb simple_arm_wrapper_bus_skew_routed.pb -rpx simple_arm_wrapper_bus_skew_routed.rpx
INFO: [Timing 38-91] UpdateTimingParams: Speed grade: -1, Delay Type: min_max.
INFO: [Timing 38-191] Multithreading enabled for timing update using a maximum of 4 CPUs
Command: write_bitstream -force simple_arm_wrapper.bit
Attempting to get a license for feature 'Implementation' and/or device 'xc7z020'
INFO: [Common 17-349] Got license for feature 'Implementation' and/or device 'xc7z020'
Running DRC as a precondition to command write_bitstream
INFO: [IP_Flow 19-1839] IP Catalog is up to date.
INFO: [DRC 23-27] Running DRC with 4 threads
INFO: [Vivado 12-3199] DRC finished with 0 Errors
INFO: [Vivado 12-3200] Please refer to the DRC report (report_drc) for more information.
INFO: [Designutils 20-2272] Running write_bitstream with 4 threads.
Loading data files...
Loading site data...
Loading route data...
Processing options...
Creating bitmap...
Creating bitstream...
Writing bitstream ./simple_arm_wrapper.bit...
INFO: [Vivado 12-1842] Bitgen Completed Successfully.
INFO: [Common 17-83] Releasing license: Implementation
11 Infos, 0 Warnings, 0 Critical Warnings and 0 Errors encountered.
write_bitstream completed successfully
write_bitstream: Time (s): cpu = 00:00:13 ; elapsed = 00:00:21 . Memory (MB): peak = 3481.434 ; gain = 299.793 ; free physical = 23449 ; free virtual = 35603
INFO: [Common 17-206] Exiting Vivado at Tue Apr  9 11:45:58 2024...
