11:49:20 INFO  : Launching XSCT server: xsct -n  -interactive /home/inf2020/gkapakos/Desktop/Embedded/labs/lab2/step1/interrupt_arm/interrupt_workspace/temp_xsdb_launch_script.tcl
11:49:20 INFO  : Registering command handlers for Vitis TCF services
11:49:23 INFO  : Platform repository initialization has completed.
11:49:24 INFO  : XSCT server has started successfully.
11:49:24 INFO  : plnx-install-location is set to ''
11:49:24 INFO  : Successfully done setting XSCT server connection channel  
11:49:24 INFO  : Successfully done query RDI_DATADIR 
11:49:24 INFO  : Successfully done setting workspace for the tool. 
11:51:08 INFO  : Result from executing command 'getProjects': interrupt_arm
11:51:08 INFO  : Result from executing command 'getPlatforms': zedboard_202020_1|/opt/Xilinx/Vitis/2020.2/platforms/zedboard_202020_1/zedboard_202020_1.xpfm
11:51:40 INFO  : Result from executing command 'getProjects': interrupt_arm
11:51:40 INFO  : Result from executing command 'getPlatforms': interrupt_arm|/home/inf2020/gkapakos/Desktop/Embedded/labs/lab2/step1/interrupt_arm/interrupt_workspace/interrupt_arm/export/interrupt_arm/interrupt_arm.xpfm;zedboard_202020_1|/opt/Xilinx/Vitis/2020.2/platforms/zedboard_202020_1/zedboard_202020_1.xpfm
11:58:07 INFO  : Checking for BSP changes to sync application flags for project 'interrupt_arm_app'...
12:10:31 INFO  : Checking for BSP changes to sync application flags for project 'interrupt_arm_app'...
12:14:12 INFO  : Connected to target on host '127.0.0.1' and port '3121'.
12:14:12 INFO  : Jtag cable 'Digilent Zed 210248650939' is selected.
12:14:12 INFO  : 'jtag frequency' command is executed.
12:14:12 INFO  : Context for 'APU' is selected.
12:14:12 INFO  : System reset is completed.
12:14:15 INFO  : 'after 3000' command is executed.
12:14:16 INFO  : 'targets -set -filter {jtag_cable_name =~ "Digilent Zed 210248650939" && level==0 && jtag_device_ctx=="jsn-Zed-210248650939-23727093-0"}' command is executed.
12:14:18 INFO  : Device configured successfully with "/home/inf2020/gkapakos/Desktop/Embedded/labs/lab2/step1/interrupt_arm/interrupt_workspace/interrupt_arm_app/_ide/bitstream/interrupt_arm_wrapper.bit"
12:14:18 INFO  : Context for 'APU' is selected.
12:14:18 INFO  : Hardware design and registers information is loaded from '/home/inf2020/gkapakos/Desktop/Embedded/labs/lab2/step1/interrupt_arm/interrupt_workspace/interrupt_arm/export/interrupt_arm/hw/interrupt_arm_wrapper.xsa'.
12:14:18 INFO  : 'configparams force-mem-access 1' command is executed.
12:14:18 INFO  : Context for 'APU' is selected.
12:14:18 INFO  : Sourcing of '/home/inf2020/gkapakos/Desktop/Embedded/labs/lab2/step1/interrupt_arm/interrupt_workspace/interrupt_arm_app/_ide/psinit/ps7_init.tcl' is done.
12:14:18 INFO  : 'ps7_init' command is executed.
12:14:18 INFO  : 'ps7_post_config' command is executed.
12:14:18 INFO  : Context for processor 'ps7_cortexa9_0' is selected.
12:14:18 INFO  : The application '/home/inf2020/gkapakos/Desktop/Embedded/labs/lab2/step1/interrupt_arm/interrupt_workspace/interrupt_arm_app/Debug/interrupt_arm_app.elf' is downloaded to processor 'ps7_cortexa9_0'.
12:14:18 INFO  : 'configparams force-mem-access 0' command is executed.
12:14:18 INFO  : ----------------XSDB Script----------------
connect -url tcp:127.0.0.1:3121
targets -set -nocase -filter {name =~"APU*"}
rst -system
after 3000
targets -set -filter {jtag_cable_name =~ "Digilent Zed 210248650939" && level==0 && jtag_device_ctx=="jsn-Zed-210248650939-23727093-0"}
fpga -file /home/inf2020/gkapakos/Desktop/Embedded/labs/lab2/step1/interrupt_arm/interrupt_workspace/interrupt_arm_app/_ide/bitstream/interrupt_arm_wrapper.bit
targets -set -nocase -filter {name =~"APU*"}
loadhw -hw /home/inf2020/gkapakos/Desktop/Embedded/labs/lab2/step1/interrupt_arm/interrupt_workspace/interrupt_arm/export/interrupt_arm/hw/interrupt_arm_wrapper.xsa -mem-ranges [list {0x40000000 0xbfffffff}] -regs
configparams force-mem-access 1
targets -set -nocase -filter {name =~"APU*"}
source /home/inf2020/gkapakos/Desktop/Embedded/labs/lab2/step1/interrupt_arm/interrupt_workspace/interrupt_arm_app/_ide/psinit/ps7_init.tcl
ps7_init
ps7_post_config
targets -set -nocase -filter {name =~ "*A9*#0"}
dow /home/inf2020/gkapakos/Desktop/Embedded/labs/lab2/step1/interrupt_arm/interrupt_workspace/interrupt_arm_app/Debug/interrupt_arm_app.elf
configparams force-mem-access 0
----------------End of Script----------------

12:14:19 INFO  : Context for processor 'ps7_cortexa9_0' is selected.
12:14:19 INFO  : 'con' command is executed.
12:14:19 INFO  : ----------------XSDB Script (After Launch)----------------
targets -set -nocase -filter {name =~ "*A9*#0"}
con
----------------End of Script----------------

12:14:19 INFO  : Disconnected from the channel tcfchan#3.
12:15:54 INFO  : Inferring section assignments and sizes from elf file: /home/inf2020/gkapakos/Desktop/Embedded/labs/lab2/step1/interrupt_arm/interrupt_workspace/interrupt_arm_app/Debug/interrupt_arm_app.elf
12:16:34 INFO  : Checking for BSP changes to sync application flags for project 'interrupt_arm_app'...
12:16:57 INFO  : Connected to target on host '127.0.0.1' and port '3121'.
12:16:57 INFO  : Jtag cable 'Digilent Zed 210248650939' is selected.
12:16:57 INFO  : 'jtag frequency' command is executed.
12:16:57 INFO  : Context for 'APU' is selected.
12:16:57 INFO  : System reset is completed.
12:17:01 INFO  : 'after 3000' command is executed.
12:17:01 INFO  : 'targets -set -filter {jtag_cable_name =~ "Digilent Zed 210248650939" && level==0 && jtag_device_ctx=="jsn-Zed-210248650939-23727093-0"}' command is executed.
12:17:03 INFO  : Device configured successfully with "/home/inf2020/gkapakos/Desktop/Embedded/labs/lab2/step1/interrupt_arm/interrupt_workspace/interrupt_arm_app/_ide/bitstream/interrupt_arm_wrapper.bit"
12:17:03 INFO  : Context for 'APU' is selected.
12:17:03 INFO  : Hardware design and registers information is loaded from '/home/inf2020/gkapakos/Desktop/Embedded/labs/lab2/step1/interrupt_arm/interrupt_workspace/interrupt_arm/export/interrupt_arm/hw/interrupt_arm_wrapper.xsa'.
12:17:03 INFO  : 'configparams force-mem-access 1' command is executed.
12:17:03 INFO  : Context for 'APU' is selected.
12:17:03 INFO  : Sourcing of '/home/inf2020/gkapakos/Desktop/Embedded/labs/lab2/step1/interrupt_arm/interrupt_workspace/interrupt_arm_app/_ide/psinit/ps7_init.tcl' is done.
12:17:03 INFO  : 'ps7_init' command is executed.
12:17:03 INFO  : 'ps7_post_config' command is executed.
12:17:03 INFO  : Context for processor 'ps7_cortexa9_0' is selected.
12:17:03 INFO  : The application '/home/inf2020/gkapakos/Desktop/Embedded/labs/lab2/step1/interrupt_arm/interrupt_workspace/interrupt_arm_app/Debug/interrupt_arm_app.elf' is downloaded to processor 'ps7_cortexa9_0'.
12:17:03 INFO  : 'configparams force-mem-access 0' command is executed.
12:17:03 INFO  : ----------------XSDB Script----------------
connect -url tcp:127.0.0.1:3121
targets -set -nocase -filter {name =~"APU*"}
rst -system
after 3000
targets -set -filter {jtag_cable_name =~ "Digilent Zed 210248650939" && level==0 && jtag_device_ctx=="jsn-Zed-210248650939-23727093-0"}
fpga -file /home/inf2020/gkapakos/Desktop/Embedded/labs/lab2/step1/interrupt_arm/interrupt_workspace/interrupt_arm_app/_ide/bitstream/interrupt_arm_wrapper.bit
targets -set -nocase -filter {name =~"APU*"}
loadhw -hw /home/inf2020/gkapakos/Desktop/Embedded/labs/lab2/step1/interrupt_arm/interrupt_workspace/interrupt_arm/export/interrupt_arm/hw/interrupt_arm_wrapper.xsa -mem-ranges [list {0x40000000 0xbfffffff}] -regs
configparams force-mem-access 1
targets -set -nocase -filter {name =~"APU*"}
source /home/inf2020/gkapakos/Desktop/Embedded/labs/lab2/step1/interrupt_arm/interrupt_workspace/interrupt_arm_app/_ide/psinit/ps7_init.tcl
ps7_init
ps7_post_config
targets -set -nocase -filter {name =~ "*A9*#0"}
dow /home/inf2020/gkapakos/Desktop/Embedded/labs/lab2/step1/interrupt_arm/interrupt_workspace/interrupt_arm_app/Debug/interrupt_arm_app.elf
configparams force-mem-access 0
----------------End of Script----------------

12:17:03 INFO  : Context for processor 'ps7_cortexa9_0' is selected.
12:17:04 INFO  : 'con' command is executed.
12:17:04 INFO  : ----------------XSDB Script (After Launch)----------------
targets -set -nocase -filter {name =~ "*A9*#0"}
con
----------------End of Script----------------

12:17:04 INFO  : Disconnected from the channel tcfchan#5.
12:17:47 ERROR : (XSDB Server)Hangup

12:28:39 INFO  : Launching XSCT server: xsct -n  -interactive /home/inf2020/gkapakos/Desktop/Embedded/labs/lab2/step1/interrupt_arm/interrupt_workspace/temp_xsdb_launch_script.tcl
12:28:43 INFO  : XSCT server has started successfully.
12:28:43 INFO  : Successfully done setting XSCT server connection channel  
12:28:43 INFO  : plnx-install-location is set to ''
12:28:43 INFO  : Successfully done setting workspace for the tool. 
12:28:46 INFO  : Platform repository initialization has completed.
12:28:46 INFO  : Successfully done query RDI_DATADIR 
12:28:46 INFO  : Registering command handlers for Vitis TCF services
12:29:25 INFO  : Result from executing command 'getProjects': interrupt_arm
12:29:25 INFO  : Result from executing command 'getPlatforms': interrupt_arm|/home/inf2020/gkapakos/Desktop/Embedded/labs/lab2/step1/interrupt_arm/interrupt_workspace/interrupt_arm/export/interrupt_arm/interrupt_arm.xpfm;zedboard_202020_1|/opt/Xilinx/Vitis/2020.2/platforms/zedboard_202020_1/zedboard_202020_1.xpfm
12:29:28 INFO  : Checking for BSP changes to sync application flags for project 'interrupt_arm_app'...
12:32:40 INFO  : Checking for BSP changes to sync application flags for project 'step2_app'...
12:43:03 INFO  : Checking for BSP changes to sync application flags for project 'interrupt_arm_app'...
12:43:23 INFO  : Checking for BSP changes to sync application flags for project 'step2_app'...
12:43:37 INFO  : Checking for BSP changes to sync application flags for project 'step2_app'...
