13:10:02 INFO  : Launching XSCT server: xsct -n  -interactive /home/inf2020/gkapakos/Desktop/temp_xsdb_launch_script.tcl
13:10:02 INFO  : Registering command handlers for Vitis TCF services
13:10:05 INFO  : Platform repository initialization has completed.
13:10:06 INFO  : XSCT server has started successfully.
13:10:06 INFO  : Successfully done setting XSCT server connection channel  
13:10:06 INFO  : Successfully done setting workspace for the tool. 
13:10:06 INFO  : plnx-install-location is set to ''
13:10:06 INFO  : Successfully done query RDI_DATADIR 
13:12:07 INFO  : Result from executing command 'getProjects': simple_arm_platform
13:12:07 INFO  : Result from executing command 'getPlatforms': zedboard_202020_1|/opt/Xilinx/Vitis/2020.2/platforms/zedboard_202020_1/zedboard_202020_1.xpfm
13:13:07 INFO  : Result from executing command 'getProjects': simple_arm_platform
13:13:07 INFO  : Result from executing command 'getPlatforms': simple_arm_platform|/home/inf2020/gkapakos/Desktop/simple_arm_platform/export/simple_arm_platform/simple_arm_platform.xpfm;zedboard_202020_1|/opt/Xilinx/Vitis/2020.2/platforms/zedboard_202020_1/zedboard_202020_1.xpfm
13:22:49 INFO  : Checking for BSP changes to sync application flags for project 'simple_arm_app'...
13:37:13 INFO  : Connected to target on host '127.0.0.1' and port '3121'.
13:37:14 INFO  : 'targets -set -filter {jtag_cable_name =~ "Digilent Zed 210248A49BD0" && level==0 && jtag_device_ctx=="jsn-Zed-210248A49BD0-23727093-0"}' command is executed.
13:37:16 INFO  : Device configured successfully with "/home/inf2020/gkapakos/Desktop/simple_arm_app/_ide/bitstream/simple_arm_wrapper.bit"
13:37:39 INFO  : Connected to target on host '127.0.0.1' and port '3121'.
13:37:40 INFO  : Jtag cable 'Digilent Zed 210248A49BD0' is selected.
13:37:40 INFO  : 'jtag frequency' command is executed.
13:37:40 INFO  : Context for 'APU' is selected.
13:37:40 INFO  : System reset is completed.
13:37:43 INFO  : 'after 3000' command is executed.
13:37:43 INFO  : 'targets -set -filter {jtag_cable_name =~ "Digilent Zed 210248A49BD0" && level==0 && jtag_device_ctx=="jsn-Zed-210248A49BD0-23727093-0"}' command is executed.
13:37:45 INFO  : Device configured successfully with "/home/inf2020/gkapakos/Desktop/simple_arm_app/_ide/bitstream/simple_arm_wrapper.bit"
13:37:45 INFO  : Context for 'APU' is selected.
13:37:45 INFO  : Hardware design and registers information is loaded from '/home/inf2020/gkapakos/Desktop/simple_arm_platform/export/simple_arm_platform/hw/simple_arm_wrapper.xsa'.
13:37:45 INFO  : 'configparams force-mem-access 1' command is executed.
13:37:45 INFO  : Context for 'APU' is selected.
13:37:45 INFO  : Sourcing of '/home/inf2020/gkapakos/Desktop/simple_arm_app/_ide/psinit/ps7_init.tcl' is done.
13:37:46 INFO  : 'ps7_init' command is executed.
13:37:46 INFO  : 'ps7_post_config' command is executed.
13:37:46 INFO  : Context for processor 'ps7_cortexa9_0' is selected.
13:37:46 INFO  : The application '/home/inf2020/gkapakos/Desktop/simple_arm_app/Debug/simple_arm_app.elf' is downloaded to processor 'ps7_cortexa9_0'.
13:37:46 INFO  : 'configparams force-mem-access 0' command is executed.
13:37:46 INFO  : ----------------XSDB Script----------------
connect -url tcp:127.0.0.1:3121
targets -set -nocase -filter {name =~"APU*"}
rst -system
after 3000
targets -set -filter {jtag_cable_name =~ "Digilent Zed 210248A49BD0" && level==0 && jtag_device_ctx=="jsn-Zed-210248A49BD0-23727093-0"}
fpga -file /home/inf2020/gkapakos/Desktop/simple_arm_app/_ide/bitstream/simple_arm_wrapper.bit
targets -set -nocase -filter {name =~"APU*"}
loadhw -hw /home/inf2020/gkapakos/Desktop/simple_arm_platform/export/simple_arm_platform/hw/simple_arm_wrapper.xsa -mem-ranges [list {0x40000000 0xbfffffff}] -regs
configparams force-mem-access 1
targets -set -nocase -filter {name =~"APU*"}
source /home/inf2020/gkapakos/Desktop/simple_arm_app/_ide/psinit/ps7_init.tcl
ps7_init
ps7_post_config
targets -set -nocase -filter {name =~ "*A9*#0"}
dow /home/inf2020/gkapakos/Desktop/simple_arm_app/Debug/simple_arm_app.elf
configparams force-mem-access 0
----------------End of Script----------------

13:37:46 INFO  : Context for processor 'ps7_cortexa9_0' is selected.
13:37:46 INFO  : 'con' command is executed.
13:37:46 INFO  : ----------------XSDB Script (After Launch)----------------
targets -set -nocase -filter {name =~ "*A9*#0"}
con
----------------End of Script----------------

13:37:46 INFO  : Disconnected from the channel tcfchan#2.
13:40:48 INFO  : Checking for BSP changes to sync application flags for project 'simple_arm_app'...
13:40:54 INFO  : Connected to target on host '127.0.0.1' and port '3121'.
13:40:55 INFO  : Jtag cable 'Digilent Zed 210248A49BD0' is selected.
13:40:55 INFO  : 'jtag frequency' command is executed.
13:40:55 INFO  : Context for 'APU' is selected.
13:40:55 INFO  : System reset is completed.
13:40:58 INFO  : 'after 3000' command is executed.
13:40:58 INFO  : 'targets -set -filter {jtag_cable_name =~ "Digilent Zed 210248A49BD0" && level==0 && jtag_device_ctx=="jsn-Zed-210248A49BD0-23727093-0"}' command is executed.
13:41:00 INFO  : Device configured successfully with "/home/inf2020/gkapakos/Desktop/simple_arm_app/_ide/bitstream/simple_arm_wrapper.bit"
13:41:00 INFO  : Context for 'APU' is selected.
13:41:00 INFO  : Hardware design and registers information is loaded from '/home/inf2020/gkapakos/Desktop/simple_arm_platform/export/simple_arm_platform/hw/simple_arm_wrapper.xsa'.
13:41:00 INFO  : 'configparams force-mem-access 1' command is executed.
13:41:00 INFO  : Context for 'APU' is selected.
13:41:00 INFO  : Sourcing of '/home/inf2020/gkapakos/Desktop/simple_arm_app/_ide/psinit/ps7_init.tcl' is done.
13:41:01 INFO  : 'ps7_init' command is executed.
13:41:01 INFO  : 'ps7_post_config' command is executed.
13:41:01 INFO  : Context for processor 'ps7_cortexa9_0' is selected.
13:41:01 INFO  : The application '/home/inf2020/gkapakos/Desktop/simple_arm_app/Debug/simple_arm_app.elf' is downloaded to processor 'ps7_cortexa9_0'.
13:41:01 INFO  : 'configparams force-mem-access 0' command is executed.
13:41:01 INFO  : ----------------XSDB Script----------------
connect -url tcp:127.0.0.1:3121
targets -set -nocase -filter {name =~"APU*"}
rst -system
after 3000
targets -set -filter {jtag_cable_name =~ "Digilent Zed 210248A49BD0" && level==0 && jtag_device_ctx=="jsn-Zed-210248A49BD0-23727093-0"}
fpga -file /home/inf2020/gkapakos/Desktop/simple_arm_app/_ide/bitstream/simple_arm_wrapper.bit
targets -set -nocase -filter {name =~"APU*"}
loadhw -hw /home/inf2020/gkapakos/Desktop/simple_arm_platform/export/simple_arm_platform/hw/simple_arm_wrapper.xsa -mem-ranges [list {0x40000000 0xbfffffff}] -regs
configparams force-mem-access 1
targets -set -nocase -filter {name =~"APU*"}
source /home/inf2020/gkapakos/Desktop/simple_arm_app/_ide/psinit/ps7_init.tcl
ps7_init
ps7_post_config
targets -set -nocase -filter {name =~ "*A9*#0"}
dow /home/inf2020/gkapakos/Desktop/simple_arm_app/Debug/simple_arm_app.elf
configparams force-mem-access 0
----------------End of Script----------------

13:41:01 INFO  : Context for processor 'ps7_cortexa9_0' is selected.
13:41:01 INFO  : 'con' command is executed.
13:41:01 INFO  : ----------------XSDB Script (After Launch)----------------
targets -set -nocase -filter {name =~ "*A9*#0"}
con
----------------End of Script----------------

13:41:01 INFO  : Disconnected from the channel tcfchan#3.
13:42:38 INFO  : Connected to target on host '127.0.0.1' and port '3121'.
13:42:39 INFO  : Jtag cable 'Digilent Zed 210248A49BD0' is selected.
13:42:39 INFO  : 'jtag frequency' command is executed.
13:42:39 INFO  : Context for 'APU' is selected.
13:42:39 INFO  : System reset is completed.
13:42:42 INFO  : 'after 3000' command is executed.
13:42:42 INFO  : 'targets -set -filter {jtag_cable_name =~ "Digilent Zed 210248A49BD0" && level==0 && jtag_device_ctx=="jsn-Zed-210248A49BD0-23727093-0"}' command is executed.
13:42:44 INFO  : Device configured successfully with "/home/inf2020/gkapakos/Desktop/simple_arm_app/_ide/bitstream/simple_arm_wrapper.bit"
13:42:44 INFO  : Context for 'APU' is selected.
13:42:44 INFO  : Hardware design and registers information is loaded from '/home/inf2020/gkapakos/Desktop/simple_arm_platform/export/simple_arm_platform/hw/simple_arm_wrapper.xsa'.
13:42:44 INFO  : 'configparams force-mem-access 1' command is executed.
13:42:44 INFO  : Context for 'APU' is selected.
13:42:44 INFO  : Sourcing of '/home/inf2020/gkapakos/Desktop/simple_arm_app/_ide/psinit/ps7_init.tcl' is done.
13:42:45 INFO  : 'ps7_init' command is executed.
13:42:45 INFO  : 'ps7_post_config' command is executed.
13:42:45 INFO  : Context for processor 'ps7_cortexa9_0' is selected.
13:42:45 INFO  : The application '/home/inf2020/gkapakos/Desktop/simple_arm_app/Debug/simple_arm_app.elf' is downloaded to processor 'ps7_cortexa9_0'.
13:42:45 INFO  : 'configparams force-mem-access 0' command is executed.
13:42:45 INFO  : ----------------XSDB Script----------------
connect -url tcp:127.0.0.1:3121
targets -set -nocase -filter {name =~"APU*"}
rst -system
after 3000
targets -set -filter {jtag_cable_name =~ "Digilent Zed 210248A49BD0" && level==0 && jtag_device_ctx=="jsn-Zed-210248A49BD0-23727093-0"}
fpga -file /home/inf2020/gkapakos/Desktop/simple_arm_app/_ide/bitstream/simple_arm_wrapper.bit
targets -set -nocase -filter {name =~"APU*"}
loadhw -hw /home/inf2020/gkapakos/Desktop/simple_arm_platform/export/simple_arm_platform/hw/simple_arm_wrapper.xsa -mem-ranges [list {0x40000000 0xbfffffff}] -regs
configparams force-mem-access 1
targets -set -nocase -filter {name =~"APU*"}
source /home/inf2020/gkapakos/Desktop/simple_arm_app/_ide/psinit/ps7_init.tcl
ps7_init
ps7_post_config
targets -set -nocase -filter {name =~ "*A9*#0"}
dow /home/inf2020/gkapakos/Desktop/simple_arm_app/Debug/simple_arm_app.elf
configparams force-mem-access 0
----------------End of Script----------------

13:42:45 INFO  : Context for processor 'ps7_cortexa9_0' is selected.
13:42:45 INFO  : 'con' command is executed.
13:42:45 INFO  : ----------------XSDB Script (After Launch)----------------
targets -set -nocase -filter {name =~ "*A9*#0"}
con
----------------End of Script----------------

13:42:45 INFO  : Launch script is exported to file '/home/inf2020/gkapakos/Desktop/simple_arm_app_system/_ide/scripts/debugger_simple_arm_app-default.tcl'
13:44:49 INFO  : Disconnected from the channel tcfchan#4.
13:44:50 INFO  : Connected to target on host '127.0.0.1' and port '3121'.
13:44:50 INFO  : Jtag cable 'Digilent Zed 210248A49BD0' is selected.
13:44:50 INFO  : 'jtag frequency' command is executed.
13:44:50 INFO  : Context for 'APU' is selected.
13:44:50 INFO  : System reset is completed.
13:44:53 INFO  : 'after 3000' command is executed.
13:44:53 INFO  : 'targets -set -filter {jtag_cable_name =~ "Digilent Zed 210248A49BD0" && level==0 && jtag_device_ctx=="jsn-Zed-210248A49BD0-23727093-0"}' command is executed.
13:44:56 INFO  : Device configured successfully with "/home/inf2020/gkapakos/Desktop/simple_arm_app/_ide/bitstream/simple_arm_wrapper.bit"
13:44:56 INFO  : Context for 'APU' is selected.
13:44:56 INFO  : Hardware design and registers information is loaded from '/home/inf2020/gkapakos/Desktop/simple_arm_platform/export/simple_arm_platform/hw/simple_arm_wrapper.xsa'.
13:44:56 INFO  : 'configparams force-mem-access 1' command is executed.
13:44:56 INFO  : Context for 'APU' is selected.
13:44:56 INFO  : Sourcing of '/home/inf2020/gkapakos/Desktop/simple_arm_app/_ide/psinit/ps7_init.tcl' is done.
13:44:56 INFO  : 'ps7_init' command is executed.
13:44:56 INFO  : 'ps7_post_config' command is executed.
13:44:56 INFO  : Context for processor 'ps7_cortexa9_0' is selected.
13:44:56 INFO  : The application '/home/inf2020/gkapakos/Desktop/simple_arm_app/Debug/simple_arm_app.elf' is downloaded to processor 'ps7_cortexa9_0'.
13:44:56 INFO  : 'configparams force-mem-access 0' command is executed.
13:44:56 INFO  : ----------------XSDB Script----------------
connect -url tcp:127.0.0.1:3121
targets -set -nocase -filter {name =~"APU*"}
rst -system
after 3000
targets -set -filter {jtag_cable_name =~ "Digilent Zed 210248A49BD0" && level==0 && jtag_device_ctx=="jsn-Zed-210248A49BD0-23727093-0"}
fpga -file /home/inf2020/gkapakos/Desktop/simple_arm_app/_ide/bitstream/simple_arm_wrapper.bit
targets -set -nocase -filter {name =~"APU*"}
loadhw -hw /home/inf2020/gkapakos/Desktop/simple_arm_platform/export/simple_arm_platform/hw/simple_arm_wrapper.xsa -mem-ranges [list {0x40000000 0xbfffffff}] -regs
configparams force-mem-access 1
targets -set -nocase -filter {name =~"APU*"}
source /home/inf2020/gkapakos/Desktop/simple_arm_app/_ide/psinit/ps7_init.tcl
ps7_init
ps7_post_config
targets -set -nocase -filter {name =~ "*A9*#0"}
dow /home/inf2020/gkapakos/Desktop/simple_arm_app/Debug/simple_arm_app.elf
configparams force-mem-access 0
----------------End of Script----------------

13:44:56 INFO  : Context for processor 'ps7_cortexa9_0' is selected.
13:44:56 INFO  : 'con' command is executed.
13:44:56 INFO  : ----------------XSDB Script (After Launch)----------------
targets -set -nocase -filter {name =~ "*A9*#0"}
con
----------------End of Script----------------

13:44:57 INFO  : Launch script is exported to file '/home/inf2020/gkapakos/Desktop/simple_arm_app_system/_ide/scripts/debugger_simple_arm_app-default.tcl'
13:45:24 INFO  : Disconnected from the channel tcfchan#5.
