
*** Running vivado
    with args -log simple_arm_wrapper.vdi -applog -m64 -product Vivado -messageDb vivado.pb -mode batch -source simple_arm_wrapper.tcl -notrace


****** Vivado v2020.2 (64-bit)
  **** SW Build 3064766 on Wed Nov 18 09:12:47 MST 2020
  **** IP Build 3064653 on Wed Nov 18 14:17:31 MST 2020
    ** Copyright 1986-2020 Xilinx, Inc. All Rights Reserved.

source simple_arm_wrapper.tcl -notrace
INFO: [IP_Flow 19-234] Refreshing IP repositories
INFO: [IP_Flow 19-1700] Loaded user IP repository '/home/inf2020/gkapakos/Desktop/Embedded/labs/lab2/step3/ip_repo/fpadd_ip_1.0'.
INFO: [IP_Flow 19-2313] Loaded Vivado IP repository '/opt/Xilinx/Vivado/2020.2/data/ip'.
Command: link_design -top simple_arm_wrapper -part xc7z020clg484-1
Design is defaulting to srcset: sources_1
Design is defaulting to constrset: constrs_1
INFO: [Device 21-403] Loading part xc7z020clg484-1
INFO: [Project 1-454] Reading design checkpoint '/home/inf2020/gkapakos/Desktop/Embedded/labs/lab2/step3/fpadd_arm/fpadd_arm.gen/sources_1/bd/simple_arm/ip/simple_arm_axi_gpio_0_1/simple_arm_axi_gpio_0_1.dcp' for cell 'simple_arm_i/btns_5bit'
INFO: [Project 1-454] Reading design checkpoint '/home/inf2020/gkapakos/Desktop/Embedded/labs/lab2/step3/fpadd_arm/fpadd_arm.gen/sources_1/bd/simple_arm/ip/simple_arm_fpadd_ip_0_0/simple_arm_fpadd_ip_0_0.dcp' for cell 'simple_arm_i/fpadd_ip_0'
INFO: [Project 1-454] Reading design checkpoint '/home/inf2020/gkapakos/Desktop/Embedded/labs/lab2/step3/fpadd_arm/fpadd_arm.gen/sources_1/bd/simple_arm/ip/simple_arm_processing_system7_0_0/simple_arm_processing_system7_0_0.dcp' for cell 'simple_arm_i/processing_system7_0'
INFO: [Project 1-454] Reading design checkpoint '/home/inf2020/gkapakos/Desktop/Embedded/labs/lab2/step3/fpadd_arm/fpadd_arm.gen/sources_1/bd/simple_arm/ip/simple_arm_rst_ps7_0_100M_0/simple_arm_rst_ps7_0_100M_0.dcp' for cell 'simple_arm_i/rst_ps7_0_100M'
INFO: [Project 1-454] Reading design checkpoint '/home/inf2020/gkapakos/Desktop/Embedded/labs/lab2/step3/fpadd_arm/fpadd_arm.gen/sources_1/bd/simple_arm/ip/simple_arm_axi_gpio_0_0/simple_arm_axi_gpio_0_0.dcp' for cell 'simple_arm_i/sw_8bit'
INFO: [Project 1-454] Reading design checkpoint '/home/inf2020/gkapakos/Desktop/Embedded/labs/lab2/step3/fpadd_arm/fpadd_arm.gen/sources_1/bd/simple_arm/ip/simple_arm_xbar_0/simple_arm_xbar_0.dcp' for cell 'simple_arm_i/ps7_0_axi_periph/xbar'
INFO: [Project 1-454] Reading design checkpoint '/home/inf2020/gkapakos/Desktop/Embedded/labs/lab2/step3/fpadd_arm/fpadd_arm.gen/sources_1/bd/simple_arm/ip/simple_arm_auto_pc_0/simple_arm_auto_pc_0.dcp' for cell 'simple_arm_i/ps7_0_axi_periph/s00_couplers/auto_pc'
Netlist sorting complete. Time (s): cpu = 00:00:00.05 ; elapsed = 00:00:00.05 . Memory (MB): peak = 2406.348 ; gain = 0.000 ; free physical = 19836 ; free virtual = 33016
INFO: [Netlist 29-17] Analyzing 69 Unisim elements for replacement
INFO: [Netlist 29-28] Unisim Transformation completed in 0 CPU seconds
INFO: [Project 1-479] Netlist was created with Vivado 2020.2
INFO: [Project 1-570] Preparing netlist for logic optimization
Parsing XDC File [/home/inf2020/gkapakos/Desktop/Embedded/labs/lab2/step3/fpadd_arm/fpadd_arm.gen/sources_1/bd/simple_arm/ip/simple_arm_processing_system7_0_0/simple_arm_processing_system7_0_0.xdc] for cell 'simple_arm_i/processing_system7_0/inst'
Finished Parsing XDC File [/home/inf2020/gkapakos/Desktop/Embedded/labs/lab2/step3/fpadd_arm/fpadd_arm.gen/sources_1/bd/simple_arm/ip/simple_arm_processing_system7_0_0/simple_arm_processing_system7_0_0.xdc] for cell 'simple_arm_i/processing_system7_0/inst'
Parsing XDC File [/home/inf2020/gkapakos/Desktop/Embedded/labs/lab2/step3/fpadd_arm/fpadd_arm.gen/sources_1/bd/simple_arm/ip/simple_arm_axi_gpio_0_0/simple_arm_axi_gpio_0_0_board.xdc] for cell 'simple_arm_i/sw_8bit/U0'
Finished Parsing XDC File [/home/inf2020/gkapakos/Desktop/Embedded/labs/lab2/step3/fpadd_arm/fpadd_arm.gen/sources_1/bd/simple_arm/ip/simple_arm_axi_gpio_0_0/simple_arm_axi_gpio_0_0_board.xdc] for cell 'simple_arm_i/sw_8bit/U0'
Parsing XDC File [/home/inf2020/gkapakos/Desktop/Embedded/labs/lab2/step3/fpadd_arm/fpadd_arm.gen/sources_1/bd/simple_arm/ip/simple_arm_axi_gpio_0_0/simple_arm_axi_gpio_0_0.xdc] for cell 'simple_arm_i/sw_8bit/U0'
Finished Parsing XDC File [/home/inf2020/gkapakos/Desktop/Embedded/labs/lab2/step3/fpadd_arm/fpadd_arm.gen/sources_1/bd/simple_arm/ip/simple_arm_axi_gpio_0_0/simple_arm_axi_gpio_0_0.xdc] for cell 'simple_arm_i/sw_8bit/U0'
Parsing XDC File [/home/inf2020/gkapakos/Desktop/Embedded/labs/lab2/step3/fpadd_arm/fpadd_arm.gen/sources_1/bd/simple_arm/ip/simple_arm_rst_ps7_0_100M_0/simple_arm_rst_ps7_0_100M_0_board.xdc] for cell 'simple_arm_i/rst_ps7_0_100M/U0'
Finished Parsing XDC File [/home/inf2020/gkapakos/Desktop/Embedded/labs/lab2/step3/fpadd_arm/fpadd_arm.gen/sources_1/bd/simple_arm/ip/simple_arm_rst_ps7_0_100M_0/simple_arm_rst_ps7_0_100M_0_board.xdc] for cell 'simple_arm_i/rst_ps7_0_100M/U0'
Parsing XDC File [/home/inf2020/gkapakos/Desktop/Embedded/labs/lab2/step3/fpadd_arm/fpadd_arm.gen/sources_1/bd/simple_arm/ip/simple_arm_rst_ps7_0_100M_0/simple_arm_rst_ps7_0_100M_0.xdc] for cell 'simple_arm_i/rst_ps7_0_100M/U0'
Finished Parsing XDC File [/home/inf2020/gkapakos/Desktop/Embedded/labs/lab2/step3/fpadd_arm/fpadd_arm.gen/sources_1/bd/simple_arm/ip/simple_arm_rst_ps7_0_100M_0/simple_arm_rst_ps7_0_100M_0.xdc] for cell 'simple_arm_i/rst_ps7_0_100M/U0'
Parsing XDC File [/home/inf2020/gkapakos/Desktop/Embedded/labs/lab2/step3/fpadd_arm/fpadd_arm.gen/sources_1/bd/simple_arm/ip/simple_arm_axi_gpio_0_1/simple_arm_axi_gpio_0_1_board.xdc] for cell 'simple_arm_i/btns_5bit/U0'
Finished Parsing XDC File [/home/inf2020/gkapakos/Desktop/Embedded/labs/lab2/step3/fpadd_arm/fpadd_arm.gen/sources_1/bd/simple_arm/ip/simple_arm_axi_gpio_0_1/simple_arm_axi_gpio_0_1_board.xdc] for cell 'simple_arm_i/btns_5bit/U0'
Parsing XDC File [/home/inf2020/gkapakos/Desktop/Embedded/labs/lab2/step3/fpadd_arm/fpadd_arm.gen/sources_1/bd/simple_arm/ip/simple_arm_axi_gpio_0_1/simple_arm_axi_gpio_0_1.xdc] for cell 'simple_arm_i/btns_5bit/U0'
Finished Parsing XDC File [/home/inf2020/gkapakos/Desktop/Embedded/labs/lab2/step3/fpadd_arm/fpadd_arm.gen/sources_1/bd/simple_arm/ip/simple_arm_axi_gpio_0_1/simple_arm_axi_gpio_0_1.xdc] for cell 'simple_arm_i/btns_5bit/U0'
Parsing XDC File [/home/inf2020/gkapakos/Desktop/Embedded/labs/lab2/step3/fpadd_arm/fpadd_arm.srcs/constrs_1/new/constraints.xdc]
Finished Parsing XDC File [/home/inf2020/gkapakos/Desktop/Embedded/labs/lab2/step3/fpadd_arm/fpadd_arm.srcs/constrs_1/new/constraints.xdc]
INFO: [Opt 31-138] Pushed 0 inverter(s) to 0 load pin(s).
Netlist sorting complete. Time (s): cpu = 00:00:00 ; elapsed = 00:00:00 . Memory (MB): peak = 2446.211 ; gain = 0.000 ; free physical = 19730 ; free virtual = 32910
INFO: [Project 1-111] Unisim Transformation Summary:
No Unisim elements were transformed.

17 Infos, 0 Warnings, 0 Critical Warnings and 0 Errors encountered.
link_design completed successfully
link_design: Time (s): cpu = 00:00:11 ; elapsed = 00:00:12 . Memory (MB): peak = 2446.211 ; gain = 48.234 ; free physical = 19730 ; free virtual = 32910
Command: opt_design
Attempting to get a license for feature 'Implementation' and/or device 'xc7z020'
INFO: [Common 17-349] Got license for feature 'Implementation' and/or device 'xc7z020'
Running DRC as a precondition to command opt_design

Starting DRC Task
INFO: [DRC 23-27] Running DRC with 4 threads
INFO: [Project 1-461] DRC finished with 0 Errors
INFO: [Project 1-462] Please refer to the DRC report (report_drc) for more information.

Time (s): cpu = 00:00:02 ; elapsed = 00:00:01 . Memory (MB): peak = 2462.211 ; gain = 16.000 ; free physical = 19681 ; free virtual = 32861

Starting Cache Timing Information Task
INFO: [Timing 38-35] Done setting XDC timing constraints.
Ending Cache Timing Information Task | Checksum: 158e30451

Time (s): cpu = 00:00:07 ; elapsed = 00:00:08 . Memory (MB): peak = 2722.164 ; gain = 259.953 ; free physical = 19300 ; free virtual = 32481

Starting Logic Optimization Task

Phase 1 Retarget
INFO: [Opt 31-138] Pushed 0 inverter(s) to 0 load pin(s).
INFO: [Opt 31-49] Retargeted 0 cell(s).
Phase 1 Retarget | Checksum: 170cdc0d2

Time (s): cpu = 00:00:00.22 ; elapsed = 00:00:00.17 . Memory (MB): peak = 2892.102 ; gain = 0.000 ; free physical = 19131 ; free virtual = 32311
INFO: [Opt 31-389] Phase Retarget created 6 cells and removed 48 cells
INFO: [Opt 31-1021] In phase Retarget, 13 netlist objects are constrained preventing optimization. Please run opt_design with -debug_log to get more detail. 

Phase 2 Constant propagation
INFO: [Opt 31-138] Pushed 0 inverter(s) to 0 load pin(s).
Phase 2 Constant propagation | Checksum: d6238483

Time (s): cpu = 00:00:00.25 ; elapsed = 00:00:00.20 . Memory (MB): peak = 2892.102 ; gain = 0.000 ; free physical = 19131 ; free virtual = 32311
INFO: [Opt 31-389] Phase Constant propagation created 0 cells and removed 0 cells

Phase 3 Sweep
Phase 3 Sweep | Checksum: 18092678b

Time (s): cpu = 00:00:00.44 ; elapsed = 00:00:00.39 . Memory (MB): peak = 2892.102 ; gain = 0.000 ; free physical = 19131 ; free virtual = 32311
INFO: [Opt 31-389] Phase Sweep created 0 cells and removed 79 cells

Phase 4 BUFG optimization
Phase 4 BUFG optimization | Checksum: 18092678b

Time (s): cpu = 00:00:00.48 ; elapsed = 00:00:00.43 . Memory (MB): peak = 2892.102 ; gain = 0.000 ; free physical = 19131 ; free virtual = 32311
INFO: [Opt 31-662] Phase BUFG optimization created 0 cells of which 0 are BUFGs and removed 0 cells.

Phase 5 Shift Register Optimization
INFO: [Opt 31-1064] SRL Remap converted 0 SRLs to 0 registers and converted 0 registers of register chains to 0 SRLs
Phase 5 Shift Register Optimization | Checksum: 18092678b

Time (s): cpu = 00:00:00.49 ; elapsed = 00:00:00.44 . Memory (MB): peak = 2892.102 ; gain = 0.000 ; free physical = 19131 ; free virtual = 32311
INFO: [Opt 31-389] Phase Shift Register Optimization created 0 cells and removed 0 cells

Phase 6 Post Processing Netlist
Phase 6 Post Processing Netlist | Checksum: 18092678b

Time (s): cpu = 00:00:00.50 ; elapsed = 00:00:00.46 . Memory (MB): peak = 2892.102 ; gain = 0.000 ; free physical = 19131 ; free virtual = 32311
INFO: [Opt 31-389] Phase Post Processing Netlist created 0 cells and removed 0 cells
Opt_design Change Summary
=========================


-------------------------------------------------------------------------------------------------------------------------
|  Phase                        |  #Cells created  |  #Cells Removed  |  #Constrained objects preventing optimizations  |
-------------------------------------------------------------------------------------------------------------------------
|  Retarget                     |               6  |              48  |                                             13  |
|  Constant propagation         |               0  |               0  |                                              0  |
|  Sweep                        |               0  |              79  |                                              0  |
|  BUFG optimization            |               0  |               0  |                                              0  |
|  Shift Register Optimization  |               0  |               0  |                                              0  |
|  Post Processing Netlist      |               0  |               0  |                                              0  |
-------------------------------------------------------------------------------------------------------------------------



Starting Connectivity Check Task

Time (s): cpu = 00:00:00 ; elapsed = 00:00:00 . Memory (MB): peak = 2892.102 ; gain = 0.000 ; free physical = 19131 ; free virtual = 32311
Ending Logic Optimization Task | Checksum: 14c7386a7

Time (s): cpu = 00:00:00.59 ; elapsed = 00:00:00.54 . Memory (MB): peak = 2892.102 ; gain = 0.000 ; free physical = 19131 ; free virtual = 32311

Starting Power Optimization Task
INFO: [Pwropt 34-132] Skipping clock gating for clocks with a period < 2.00 ns.
Ending Power Optimization Task | Checksum: 14c7386a7

Time (s): cpu = 00:00:00.01 ; elapsed = 00:00:00.01 . Memory (MB): peak = 2892.102 ; gain = 0.000 ; free physical = 19130 ; free virtual = 32311

Starting Final Cleanup Task
Ending Final Cleanup Task | Checksum: 14c7386a7

Time (s): cpu = 00:00:00 ; elapsed = 00:00:00 . Memory (MB): peak = 2892.102 ; gain = 0.000 ; free physical = 19130 ; free virtual = 32311

Starting Netlist Obfuscation Task
Netlist sorting complete. Time (s): cpu = 00:00:00 ; elapsed = 00:00:00 . Memory (MB): peak = 2892.102 ; gain = 0.000 ; free physical = 19130 ; free virtual = 32311
Ending Netlist Obfuscation Task | Checksum: 14c7386a7

Time (s): cpu = 00:00:00 ; elapsed = 00:00:00 . Memory (MB): peak = 2892.102 ; gain = 0.000 ; free physical = 19130 ; free virtual = 32311
INFO: [Common 17-83] Releasing license: Implementation
35 Infos, 0 Warnings, 0 Critical Warnings and 0 Errors encountered.
opt_design completed successfully
opt_design: Time (s): cpu = 00:00:12 ; elapsed = 00:00:11 . Memory (MB): peak = 2892.102 ; gain = 445.891 ; free physical = 19130 ; free virtual = 32311
INFO: [Timing 38-480] Writing timing data to binary archive.
Writing placer database...
Writing XDEF routing.
Writing XDEF routing logical nets.
Writing XDEF routing special nets.
Write XDEF Complete: Time (s): cpu = 00:00:00.27 ; elapsed = 00:00:00.17 . Memory (MB): peak = 2932.121 ; gain = 0.000 ; free physical = 19116 ; free virtual = 32298
INFO: [Common 17-1381] The checkpoint '/home/inf2020/gkapakos/Desktop/Embedded/labs/lab2/step3/fpadd_arm/fpadd_arm.runs/impl_1/simple_arm_wrapper_opt.dcp' has been generated.
INFO: [runtcl-4] Executing : report_drc -file simple_arm_wrapper_drc_opted.rpt -pb simple_arm_wrapper_drc_opted.pb -rpx simple_arm_wrapper_drc_opted.rpx
Command: report_drc -file simple_arm_wrapper_drc_opted.rpt -pb simple_arm_wrapper_drc_opted.pb -rpx simple_arm_wrapper_drc_opted.rpx
INFO: [IP_Flow 19-1839] IP Catalog is up to date.
INFO: [Timing 38-35] Done setting XDC timing constraints.
INFO: [DRC 23-27] Running DRC with 4 threads
INFO: [Coretcl 2-168] The results of DRC are in file /home/inf2020/gkapakos/Desktop/Embedded/labs/lab2/step3/fpadd_arm/fpadd_arm.runs/impl_1/simple_arm_wrapper_drc_opted.rpt.
report_drc completed successfully
Command: place_design
Attempting to get a license for feature 'Implementation' and/or device 'xc7z020'
INFO: [Common 17-349] Got license for feature 'Implementation' and/or device 'xc7z020'
INFO: [DRC 23-27] Running DRC with 4 threads
INFO: [Vivado_Tcl 4-198] DRC finished with 0 Errors
INFO: [Vivado_Tcl 4-199] Please refer to the DRC report (report_drc) for more information.
Running DRC as a precondition to command place_design
INFO: [DRC 23-27] Running DRC with 4 threads
INFO: [Vivado_Tcl 4-198] DRC finished with 0 Errors
INFO: [Vivado_Tcl 4-199] Please refer to the DRC report (report_drc) for more information.

Starting Placer Task
INFO: [Place 30-611] Multithreading enabled for place_design using a maximum of 4 CPUs

Phase 1 Placer Initialization

Phase 1.1 Placer Initialization Netlist Sorting
Netlist sorting complete. Time (s): cpu = 00:00:00 ; elapsed = 00:00:00 . Memory (MB): peak = 3037.719 ; gain = 0.000 ; free physical = 19056 ; free virtual = 32238
Phase 1.1 Placer Initialization Netlist Sorting | Checksum: a9c54b2d

Time (s): cpu = 00:00:00.01 ; elapsed = 00:00:00.04 . Memory (MB): peak = 3037.719 ; gain = 0.000 ; free physical = 19056 ; free virtual = 32238
Netlist sorting complete. Time (s): cpu = 00:00:00 ; elapsed = 00:00:00 . Memory (MB): peak = 3037.719 ; gain = 0.000 ; free physical = 19056 ; free virtual = 32238

Phase 1.2 IO Placement/ Clock Placement/ Build Placer Device
Phase 1.2 IO Placement/ Clock Placement/ Build Placer Device | Checksum: a8c6a938

Time (s): cpu = 00:00:00.59 ; elapsed = 00:00:00.47 . Memory (MB): peak = 3037.719 ; gain = 0.000 ; free physical = 19073 ; free virtual = 32255

Phase 1.3 Build Placer Netlist Model
Phase 1.3 Build Placer Netlist Model | Checksum: 14e268aed

Time (s): cpu = 00:00:01 ; elapsed = 00:00:00.85 . Memory (MB): peak = 3037.719 ; gain = 0.000 ; free physical = 19108 ; free virtual = 32290

Phase 1.4 Constrain Clocks/Macros
Phase 1.4 Constrain Clocks/Macros | Checksum: 14e268aed

Time (s): cpu = 00:00:01 ; elapsed = 00:00:00.86 . Memory (MB): peak = 3037.719 ; gain = 0.000 ; free physical = 19108 ; free virtual = 32290
Phase 1 Placer Initialization | Checksum: 14e268aed

Time (s): cpu = 00:00:01 ; elapsed = 00:00:00.87 . Memory (MB): peak = 3037.719 ; gain = 0.000 ; free physical = 19108 ; free virtual = 32290

Phase 2 Global Placement

Phase 2.1 Floorplanning
Phase 2.1 Floorplanning | Checksum: f728e752

Time (s): cpu = 00:00:01 ; elapsed = 00:00:00.96 . Memory (MB): peak = 3037.719 ; gain = 0.000 ; free physical = 19108 ; free virtual = 32290

Phase 2.2 Update Timing before SLR Path Opt
Phase 2.2 Update Timing before SLR Path Opt | Checksum: 1654843cf

Time (s): cpu = 00:00:02 ; elapsed = 00:00:01 . Memory (MB): peak = 3037.719 ; gain = 0.000 ; free physical = 19108 ; free virtual = 32290

Phase 2.3 Global Placement Core

Phase 2.3.1 Physical Synthesis In Placer
INFO: [Physopt 32-1035] Found 5 LUTNM shape to break, 72 LUT instances to create LUTNM shape
INFO: [Physopt 32-1044] Break lutnm for timing: one critical 5, two critical 0, total 5, new lutff created 1
INFO: [Physopt 32-775] End 1 Pass. Optimized 31 nets or cells. Created 5 new cells, deleted 26 existing cells and moved 0 existing cell
INFO: [Physopt 32-65] No nets found for high-fanout optimization.
INFO: [Physopt 32-232] Optimized 0 net. Created 0 new instance.
INFO: [Physopt 32-775] End 1 Pass. Optimized 0 net or cell. Created 0 new cell, deleted 0 existing cell and moved 0 existing cell
INFO: [Physopt 32-670] No setup violation found.  DSP Register Optimization was not performed.
INFO: [Physopt 32-670] No setup violation found.  Shift Register to Pipeline Optimization was not performed.
INFO: [Physopt 32-670] No setup violation found.  Shift Register Optimization was not performed.
INFO: [Physopt 32-670] No setup violation found.  BRAM Register Optimization was not performed.
INFO: [Physopt 32-670] No setup violation found.  URAM Register Optimization was not performed.
INFO: [Physopt 32-949] No candidate nets found for dynamic/static region interface net replication
INFO: [Physopt 32-775] End 1 Pass. Optimized 0 net or cell. Created 0 new cell, deleted 0 existing cell and moved 0 existing cell
Netlist sorting complete. Time (s): cpu = 00:00:00.01 ; elapsed = 00:00:00 . Memory (MB): peak = 3037.719 ; gain = 0.000 ; free physical = 19085 ; free virtual = 32267

Summary of Physical Synthesis Optimizations
============================================


-----------------------------------------------------------------------------------------------------------------------------------------------------------
|  Optimization                                     |  Added Cells  |  Removed Cells  |  Optimized Cells/Nets  |  Dont Touch  |  Iterations  |  Elapsed   |
-----------------------------------------------------------------------------------------------------------------------------------------------------------
|  LUT Combining                                    |            5  |             26  |                    31  |           0  |           1  |  00:00:00  |
|  Very High Fanout                                 |            0  |              0  |                     0  |           0  |           1  |  00:00:00  |
|  DSP Register                                     |            0  |              0  |                     0  |           0  |           0  |  00:00:00  |
|  Shift Register to Pipeline                       |            0  |              0  |                     0  |           0  |           0  |  00:00:00  |
|  Shift Register                                   |            0  |              0  |                     0  |           0  |           0  |  00:00:00  |
|  BRAM Register                                    |            0  |              0  |                     0  |           0  |           0  |  00:00:00  |
|  URAM Register                                    |            0  |              0  |                     0  |           0  |           0  |  00:00:00  |
|  Dynamic/Static Region Interface Net Replication  |            0  |              0  |                     0  |           0  |           1  |  00:00:00  |
|  Total                                            |            5  |             26  |                    31  |           0  |           3  |  00:00:00  |
-----------------------------------------------------------------------------------------------------------------------------------------------------------


Phase 2.3.1 Physical Synthesis In Placer | Checksum: 1cbd77d4d

Time (s): cpu = 00:00:04 ; elapsed = 00:00:03 . Memory (MB): peak = 3037.719 ; gain = 0.000 ; free physical = 19085 ; free virtual = 32267
Phase 2.3 Global Placement Core | Checksum: 1ac78005b

Time (s): cpu = 00:00:05 ; elapsed = 00:00:03 . Memory (MB): peak = 3037.719 ; gain = 0.000 ; free physical = 19085 ; free virtual = 32267
Phase 2 Global Placement | Checksum: 1ac78005b

Time (s): cpu = 00:00:05 ; elapsed = 00:00:03 . Memory (MB): peak = 3037.719 ; gain = 0.000 ; free physical = 19085 ; free virtual = 32267

Phase 3 Detail Placement

Phase 3.1 Commit Multi Column Macros
Phase 3.1 Commit Multi Column Macros | Checksum: 11932dfc3

Time (s): cpu = 00:00:05 ; elapsed = 00:00:03 . Memory (MB): peak = 3037.719 ; gain = 0.000 ; free physical = 19085 ; free virtual = 32267

Phase 3.2 Commit Most Macros & LUTRAMs
Phase 3.2 Commit Most Macros & LUTRAMs | Checksum: 17357110a

Time (s): cpu = 00:00:05 ; elapsed = 00:00:03 . Memory (MB): peak = 3037.719 ; gain = 0.000 ; free physical = 19085 ; free virtual = 32267

Phase 3.3 Area Swap Optimization
Phase 3.3 Area Swap Optimization | Checksum: d52b688f

Time (s): cpu = 00:00:05 ; elapsed = 00:00:03 . Memory (MB): peak = 3037.719 ; gain = 0.000 ; free physical = 19085 ; free virtual = 32267

Phase 3.4 Pipeline Register Optimization
Phase 3.4 Pipeline Register Optimization | Checksum: 15a1fde36

Time (s): cpu = 00:00:05 ; elapsed = 00:00:03 . Memory (MB): peak = 3037.719 ; gain = 0.000 ; free physical = 19085 ; free virtual = 32267

Phase 3.5 Small Shape Detail Placement
Phase 3.5 Small Shape Detail Placement | Checksum: 15c65de56

Time (s): cpu = 00:00:06 ; elapsed = 00:00:04 . Memory (MB): peak = 3037.719 ; gain = 0.000 ; free physical = 19077 ; free virtual = 32259

Phase 3.6 Re-assign LUT pins
Phase 3.6 Re-assign LUT pins | Checksum: f33b060d

Time (s): cpu = 00:00:06 ; elapsed = 00:00:04 . Memory (MB): peak = 3037.719 ; gain = 0.000 ; free physical = 19077 ; free virtual = 32259

Phase 3.7 Pipeline Register Optimization
Phase 3.7 Pipeline Register Optimization | Checksum: 18596a883

Time (s): cpu = 00:00:06 ; elapsed = 00:00:04 . Memory (MB): peak = 3037.719 ; gain = 0.000 ; free physical = 19077 ; free virtual = 32259
Phase 3 Detail Placement | Checksum: 18596a883

Time (s): cpu = 00:00:06 ; elapsed = 00:00:04 . Memory (MB): peak = 3037.719 ; gain = 0.000 ; free physical = 19077 ; free virtual = 32259

Phase 4 Post Placement Optimization and Clean-Up

Phase 4.1 Post Commit Optimization
INFO: [Timing 38-35] Done setting XDC timing constraints.

Phase 4.1.1 Post Placement Optimization
Post Placement Optimization Initialization | Checksum: 1d17b9d81

Phase 4.1.1.1 BUFG Insertion

Starting Physical Synthesis Task

Phase 1 Physical Synthesis Initialization
INFO: [Physopt 32-721] Multithreading enabled for phys_opt_design using a maximum of 4 CPUs
INFO: [Physopt 32-619] Estimated Timing Summary | WNS=0.497 | TNS=0.000 |
Phase 1 Physical Synthesis Initialization | Checksum: 2407d0fe4

Time (s): cpu = 00:00:00.14 ; elapsed = 00:00:00.06 . Memory (MB): peak = 3037.719 ; gain = 0.000 ; free physical = 19075 ; free virtual = 32257
INFO: [Place 46-56] BUFG insertion identified 0 candidate nets. Inserted BUFG: 0, Replicated BUFG Driver: 0, Skipped due to Placement/Routing Conflicts: 0, Skipped due to Timing Degradation: 0, Skipped due to Illegal Netlist: 0.
Ending Physical Synthesis Task | Checksum: 1879c1df5

Time (s): cpu = 00:00:00.15 ; elapsed = 00:00:00.07 . Memory (MB): peak = 3037.719 ; gain = 0.000 ; free physical = 19075 ; free virtual = 32257
Phase 4.1.1.1 BUFG Insertion | Checksum: 1d17b9d81

Time (s): cpu = 00:00:07 ; elapsed = 00:00:04 . Memory (MB): peak = 3037.719 ; gain = 0.000 ; free physical = 19075 ; free virtual = 32257
INFO: [Place 30-746] Post Placement Timing Summary WNS=0.667. For the most accurate timing information please run report_timing.

Time (s): cpu = 00:00:07 ; elapsed = 00:00:05 . Memory (MB): peak = 3037.719 ; gain = 0.000 ; free physical = 19071 ; free virtual = 32253
Phase 4.1 Post Commit Optimization | Checksum: 15d962b56

Time (s): cpu = 00:00:07 ; elapsed = 00:00:05 . Memory (MB): peak = 3037.719 ; gain = 0.000 ; free physical = 19071 ; free virtual = 32253

Phase 4.2 Post Placement Cleanup
Phase 4.2 Post Placement Cleanup | Checksum: 15d962b56

Time (s): cpu = 00:00:07 ; elapsed = 00:00:05 . Memory (MB): peak = 3037.719 ; gain = 0.000 ; free physical = 19071 ; free virtual = 32253

Phase 4.3 Placer Reporting

Phase 4.3.1 Print Estimated Congestion
INFO: [Place 30-612] Post-Placement Estimated Congestion 
 ____________________________________________________
|           | Global Congestion | Short Congestion  |
| Direction | Region Size       | Region Size       |
|___________|___________________|___________________|
|      North|                1x1|                1x1|
|___________|___________________|___________________|
|      South|                1x1|                1x1|
|___________|___________________|___________________|
|       East|                1x1|                1x1|
|___________|___________________|___________________|
|       West|                1x1|                1x1|
|___________|___________________|___________________|

Phase 4.3.1 Print Estimated Congestion | Checksum: 15d962b56

Time (s): cpu = 00:00:07 ; elapsed = 00:00:05 . Memory (MB): peak = 3037.719 ; gain = 0.000 ; free physical = 19071 ; free virtual = 32253
Phase 4.3 Placer Reporting | Checksum: 15d962b56

Time (s): cpu = 00:00:07 ; elapsed = 00:00:05 . Memory (MB): peak = 3037.719 ; gain = 0.000 ; free physical = 19071 ; free virtual = 32253

Phase 4.4 Final Placement Cleanup
Netlist sorting complete. Time (s): cpu = 00:00:00.01 ; elapsed = 00:00:00 . Memory (MB): peak = 3037.719 ; gain = 0.000 ; free physical = 19071 ; free virtual = 32253

Time (s): cpu = 00:00:07 ; elapsed = 00:00:05 . Memory (MB): peak = 3037.719 ; gain = 0.000 ; free physical = 19071 ; free virtual = 32253
Phase 4 Post Placement Optimization and Clean-Up | Checksum: d810a79f

Time (s): cpu = 00:00:07 ; elapsed = 00:00:05 . Memory (MB): peak = 3037.719 ; gain = 0.000 ; free physical = 19071 ; free virtual = 32253
Ending Placer Task | Checksum: 2de00998

Time (s): cpu = 00:00:07 ; elapsed = 00:00:05 . Memory (MB): peak = 3037.719 ; gain = 0.000 ; free physical = 19071 ; free virtual = 32253
INFO: [Common 17-83] Releasing license: Implementation
70 Infos, 0 Warnings, 0 Critical Warnings and 0 Errors encountered.
place_design completed successfully
place_design: Time (s): cpu = 00:00:09 ; elapsed = 00:00:06 . Memory (MB): peak = 3037.719 ; gain = 0.000 ; free physical = 19079 ; free virtual = 32261
INFO: [Timing 38-480] Writing timing data to binary archive.
Writing placer database...
Writing XDEF routing.
Writing XDEF routing logical nets.
Writing XDEF routing special nets.
Write XDEF Complete: Time (s): cpu = 00:00:00.95 ; elapsed = 00:00:00.47 . Memory (MB): peak = 3037.719 ; gain = 0.000 ; free physical = 19058 ; free virtual = 32246
INFO: [Common 17-1381] The checkpoint '/home/inf2020/gkapakos/Desktop/Embedded/labs/lab2/step3/fpadd_arm/fpadd_arm.runs/impl_1/simple_arm_wrapper_placed.dcp' has been generated.
INFO: [runtcl-4] Executing : report_io -file simple_arm_wrapper_io_placed.rpt
report_io: Time (s): cpu = 00:00:00.13 ; elapsed = 00:00:00.27 . Memory (MB): peak = 3037.719 ; gain = 0.000 ; free physical = 19063 ; free virtual = 32247
INFO: [runtcl-4] Executing : report_utilization -file simple_arm_wrapper_utilization_placed.rpt -pb simple_arm_wrapper_utilization_placed.pb
INFO: [runtcl-4] Executing : report_control_sets -verbose -file simple_arm_wrapper_control_sets_placed.rpt
report_control_sets: Time (s): cpu = 00:00:00.03 ; elapsed = 00:00:00.22 . Memory (MB): peak = 3037.719 ; gain = 0.000 ; free physical = 19078 ; free virtual = 32262
Command: phys_opt_design
Attempting to get a license for feature 'Implementation' and/or device 'xc7z020'
INFO: [Common 17-349] Got license for feature 'Implementation' and/or device 'xc7z020'
INFO: [Vivado_Tcl 4-383] Design worst setup slack (WNS) is greater than or equal to 0.000 ns. Skipping all physical synthesis optimizations.
INFO: [Vivado_Tcl 4-232] No setup violation found. The netlist was not modified.
INFO: [Common 17-83] Releasing license: Implementation
79 Infos, 0 Warnings, 0 Critical Warnings and 0 Errors encountered.
phys_opt_design completed successfully
INFO: [Timing 38-480] Writing timing data to binary archive.
Writing placer database...
Writing XDEF routing.
Writing XDEF routing logical nets.
Writing XDEF routing special nets.
Write XDEF Complete: Time (s): cpu = 00:00:00.79 ; elapsed = 00:00:00.37 . Memory (MB): peak = 3037.719 ; gain = 0.000 ; free physical = 19055 ; free virtual = 32245
INFO: [Common 17-1381] The checkpoint '/home/inf2020/gkapakos/Desktop/Embedded/labs/lab2/step3/fpadd_arm/fpadd_arm.runs/impl_1/simple_arm_wrapper_physopt.dcp' has been generated.
Command: route_design
Attempting to get a license for feature 'Implementation' and/or device 'xc7z020'
INFO: [Common 17-349] Got license for feature 'Implementation' and/or device 'xc7z020'
Running DRC as a precondition to command route_design
INFO: [DRC 23-27] Running DRC with 4 threads
INFO: [Vivado_Tcl 4-198] DRC finished with 0 Errors
INFO: [Vivado_Tcl 4-199] Please refer to the DRC report (report_drc) for more information.


Starting Routing Task
INFO: [Route 35-254] Multithreading enabled for route_design using a maximum of 4 CPUs
Checksum: PlaceDB: 22473eb ConstDB: 0 ShapeSum: 2bbb95ad RouteDB: 0

Phase 1 Build RT Design
Phase 1 Build RT Design | Checksum: b9e02f08

Time (s): cpu = 00:00:18 ; elapsed = 00:00:15 . Memory (MB): peak = 3096.965 ; gain = 59.246 ; free physical = 18914 ; free virtual = 32100
Post Restoration Checksum: NetGraph: 62cd2a25 NumContArr: 571304e3 Constraints: 0 Timing: 0

Phase 2 Router Initialization

Phase 2.1 Create Timer
Phase 2.1 Create Timer | Checksum: b9e02f08

Time (s): cpu = 00:00:19 ; elapsed = 00:00:15 . Memory (MB): peak = 3096.965 ; gain = 59.246 ; free physical = 18916 ; free virtual = 32102

Phase 2.2 Fix Topology Constraints
Phase 2.2 Fix Topology Constraints | Checksum: b9e02f08

Time (s): cpu = 00:00:19 ; elapsed = 00:00:15 . Memory (MB): peak = 3103.961 ; gain = 66.242 ; free physical = 18901 ; free virtual = 32087

Phase 2.3 Pre Route Cleanup
Phase 2.3 Pre Route Cleanup | Checksum: b9e02f08

Time (s): cpu = 00:00:19 ; elapsed = 00:00:15 . Memory (MB): peak = 3103.961 ; gain = 66.242 ; free physical = 18901 ; free virtual = 32087
 Number of Nodes with overlaps = 0

Phase 2.4 Update Timing
Phase 2.4 Update Timing | Checksum: 169ad9f72

Time (s): cpu = 00:00:20 ; elapsed = 00:00:16 . Memory (MB): peak = 3131.844 ; gain = 94.125 ; free physical = 18879 ; free virtual = 32065
INFO: [Route 35-416] Intermediate Timing Summary | WNS=0.720  | TNS=0.000  | WHS=-0.188 | THS=-26.730|

Phase 2 Router Initialization | Checksum: 115dfbb4a

Time (s): cpu = 00:00:20 ; elapsed = 00:00:16 . Memory (MB): peak = 3131.844 ; gain = 94.125 ; free physical = 18879 ; free virtual = 32065

Router Utilization Summary
  Global Vertical Routing Utilization    = 0 %
  Global Horizontal Routing Utilization  = 0 %
  Routable Net Status*
  *Does not include unroutable nets such as driverless and loadless.
  Run report_route_status for detailed report.
  Number of Failed Nets               = 2667
    (Failed Nets is the sum of unrouted and partially routed nets)
  Number of Unrouted Nets             = 2667
  Number of Partially Routed Nets     = 0
  Number of Node Overlaps             = 0


Phase 3 Initial Routing

Phase 3.1 Global Routing
Phase 3.1 Global Routing | Checksum: 115dfbb4a

Time (s): cpu = 00:00:20 ; elapsed = 00:00:16 . Memory (MB): peak = 3131.844 ; gain = 94.125 ; free physical = 18877 ; free virtual = 32063
Phase 3 Initial Routing | Checksum: 148c2bda1

Time (s): cpu = 00:00:21 ; elapsed = 00:00:16 . Memory (MB): peak = 3131.844 ; gain = 94.125 ; free physical = 18875 ; free virtual = 32061

Phase 4 Rip-up And Reroute

Phase 4.1 Global Iteration 0
 Number of Nodes with overlaps = 403
 Number of Nodes with overlaps = 144
 Number of Nodes with overlaps = 68
 Number of Nodes with overlaps = 25
 Number of Nodes with overlaps = 5
 Number of Nodes with overlaps = 0
INFO: [Route 35-416] Intermediate Timing Summary | WNS=0.638  | TNS=0.000  | WHS=N/A    | THS=N/A    |

Phase 4.1 Global Iteration 0 | Checksum: 1c0af03ec

Time (s): cpu = 00:00:24 ; elapsed = 00:00:19 . Memory (MB): peak = 3131.844 ; gain = 94.125 ; free physical = 18874 ; free virtual = 32060

Phase 4.2 Global Iteration 1
 Number of Nodes with overlaps = 0
INFO: [Route 35-416] Intermediate Timing Summary | WNS=0.638  | TNS=0.000  | WHS=N/A    | THS=N/A    |

Phase 4.2 Global Iteration 1 | Checksum: 5b5f81f2

Time (s): cpu = 00:00:25 ; elapsed = 00:00:19 . Memory (MB): peak = 3131.844 ; gain = 94.125 ; free physical = 18874 ; free virtual = 32060
Phase 4 Rip-up And Reroute | Checksum: 5b5f81f2

Time (s): cpu = 00:00:25 ; elapsed = 00:00:19 . Memory (MB): peak = 3131.844 ; gain = 94.125 ; free physical = 18874 ; free virtual = 32060

Phase 5 Delay and Skew Optimization

Phase 5.1 Delay CleanUp
Phase 5.1 Delay CleanUp | Checksum: 5b5f81f2

Time (s): cpu = 00:00:25 ; elapsed = 00:00:19 . Memory (MB): peak = 3131.844 ; gain = 94.125 ; free physical = 18874 ; free virtual = 32060

Phase 5.2 Clock Skew Optimization
Phase 5.2 Clock Skew Optimization | Checksum: 5b5f81f2

Time (s): cpu = 00:00:25 ; elapsed = 00:00:19 . Memory (MB): peak = 3131.844 ; gain = 94.125 ; free physical = 18874 ; free virtual = 32060
Phase 5 Delay and Skew Optimization | Checksum: 5b5f81f2

Time (s): cpu = 00:00:25 ; elapsed = 00:00:19 . Memory (MB): peak = 3131.844 ; gain = 94.125 ; free physical = 18874 ; free virtual = 32060

Phase 6 Post Hold Fix

Phase 6.1 Hold Fix Iter

Phase 6.1.1 Update Timing
Phase 6.1.1 Update Timing | Checksum: 41fc57d3

Time (s): cpu = 00:00:25 ; elapsed = 00:00:19 . Memory (MB): peak = 3131.844 ; gain = 94.125 ; free physical = 18874 ; free virtual = 32060
INFO: [Route 35-416] Intermediate Timing Summary | WNS=0.753  | TNS=0.000  | WHS=0.057  | THS=0.000  |

Phase 6.1 Hold Fix Iter | Checksum: ecc9fbf8

Time (s): cpu = 00:00:25 ; elapsed = 00:00:19 . Memory (MB): peak = 3131.844 ; gain = 94.125 ; free physical = 18873 ; free virtual = 32059
Phase 6 Post Hold Fix | Checksum: ecc9fbf8

Time (s): cpu = 00:00:25 ; elapsed = 00:00:19 . Memory (MB): peak = 3131.844 ; gain = 94.125 ; free physical = 18873 ; free virtual = 32059

Phase 7 Route finalize

Router Utilization Summary
  Global Vertical Routing Utilization    = 0.386559 %
  Global Horizontal Routing Utilization  = 0.559331 %
  Routable Net Status*
  *Does not include unroutable nets such as driverless and loadless.
  Run report_route_status for detailed report.
  Number of Failed Nets               = 0
    (Failed Nets is the sum of unrouted and partially routed nets)
  Number of Unrouted Nets             = 0
  Number of Partially Routed Nets     = 0
  Number of Node Overlaps             = 0

Phase 7 Route finalize | Checksum: 8391c1ab

Time (s): cpu = 00:00:25 ; elapsed = 00:00:19 . Memory (MB): peak = 3131.844 ; gain = 94.125 ; free physical = 18873 ; free virtual = 32059

Phase 8 Verifying routed nets

 Verification completed successfully
Phase 8 Verifying routed nets | Checksum: 8391c1ab

Time (s): cpu = 00:00:25 ; elapsed = 00:00:19 . Memory (MB): peak = 3131.844 ; gain = 94.125 ; free physical = 18871 ; free virtual = 32057

Phase 9 Depositing Routes
Phase 9 Depositing Routes | Checksum: dd98616a

Time (s): cpu = 00:00:25 ; elapsed = 00:00:19 . Memory (MB): peak = 3131.844 ; gain = 94.125 ; free physical = 18871 ; free virtual = 32057

Phase 10 Post Router Timing
INFO: [Route 35-57] Estimated Timing Summary | WNS=0.753  | TNS=0.000  | WHS=0.057  | THS=0.000  |

INFO: [Route 35-327] The final timing numbers are based on the router estimated timing analysis. For a complete and accurate timing signoff, please run report_timing_summary.
Phase 10 Post Router Timing | Checksum: dd98616a

Time (s): cpu = 00:00:25 ; elapsed = 00:00:19 . Memory (MB): peak = 3131.844 ; gain = 94.125 ; free physical = 18871 ; free virtual = 32057
INFO: [Route 35-16] Router Completed Successfully

Time (s): cpu = 00:00:25 ; elapsed = 00:00:19 . Memory (MB): peak = 3131.844 ; gain = 94.125 ; free physical = 18883 ; free virtual = 32069

Routing Is Done.
INFO: [Common 17-83] Releasing license: Implementation
94 Infos, 0 Warnings, 0 Critical Warnings and 0 Errors encountered.
route_design completed successfully
route_design: Time (s): cpu = 00:00:28 ; elapsed = 00:00:24 . Memory (MB): peak = 3131.844 ; gain = 94.125 ; free physical = 18905 ; free virtual = 32091
INFO: [Common 17-600] The following parameters have non-default value.
general.maxThreads
INFO: [Timing 38-480] Writing timing data to binary archive.
Writing placer database...
Writing XDEF routing.
Writing XDEF routing logical nets.
Writing XDEF routing special nets.
Write XDEF Complete: Time (s): cpu = 00:00:01 ; elapsed = 00:00:00.58 . Memory (MB): peak = 3139.848 ; gain = 0.000 ; free physical = 18910 ; free virtual = 32103
INFO: [Common 17-1381] The checkpoint '/home/inf2020/gkapakos/Desktop/Embedded/labs/lab2/step3/fpadd_arm/fpadd_arm.runs/impl_1/simple_arm_wrapper_routed.dcp' has been generated.
INFO: [runtcl-4] Executing : report_drc -file simple_arm_wrapper_drc_routed.rpt -pb simple_arm_wrapper_drc_routed.pb -rpx simple_arm_wrapper_drc_routed.rpx
Command: report_drc -file simple_arm_wrapper_drc_routed.rpt -pb simple_arm_wrapper_drc_routed.pb -rpx simple_arm_wrapper_drc_routed.rpx
INFO: [IP_Flow 19-1839] IP Catalog is up to date.
INFO: [DRC 23-27] Running DRC with 4 threads
INFO: [Coretcl 2-168] The results of DRC are in file /home/inf2020/gkapakos/Desktop/Embedded/labs/lab2/step3/fpadd_arm/fpadd_arm.runs/impl_1/simple_arm_wrapper_drc_routed.rpt.
report_drc completed successfully
INFO: [runtcl-4] Executing : report_methodology -file simple_arm_wrapper_methodology_drc_routed.rpt -pb simple_arm_wrapper_methodology_drc_routed.pb -rpx simple_arm_wrapper_methodology_drc_routed.rpx
Command: report_methodology -file simple_arm_wrapper_methodology_drc_routed.rpt -pb simple_arm_wrapper_methodology_drc_routed.pb -rpx simple_arm_wrapper_methodology_drc_routed.rpx
INFO: [Timing 38-35] Done setting XDC timing constraints.
INFO: [DRC 23-133] Running Methodology with 4 threads
INFO: [Coretcl 2-1520] The results of Report Methodology are in file /home/inf2020/gkapakos/Desktop/Embedded/labs/lab2/step3/fpadd_arm/fpadd_arm.runs/impl_1/simple_arm_wrapper_methodology_drc_routed.rpt.
report_methodology completed successfully
INFO: [runtcl-4] Executing : report_power -file simple_arm_wrapper_power_routed.rpt -pb simple_arm_wrapper_power_summary_routed.pb -rpx simple_arm_wrapper_power_routed.rpx
Command: report_power -file simple_arm_wrapper_power_routed.rpt -pb simple_arm_wrapper_power_summary_routed.pb -rpx simple_arm_wrapper_power_routed.rpx
INFO: [Timing 38-35] Done setting XDC timing constraints.
Running Vector-less Activity Propagation...

Finished Running Vector-less Activity Propagation
107 Infos, 0 Warnings, 0 Critical Warnings and 0 Errors encountered.
report_power completed successfully
INFO: [runtcl-4] Executing : report_route_status -file simple_arm_wrapper_route_status.rpt -pb simple_arm_wrapper_route_status.pb
INFO: [runtcl-4] Executing : report_timing_summary -max_paths 10 -file simple_arm_wrapper_timing_summary_routed.rpt -pb simple_arm_wrapper_timing_summary_routed.pb -rpx simple_arm_wrapper_timing_summary_routed.rpx -warn_on_violation 
INFO: [Timing 38-91] UpdateTimingParams: Speed grade: -1, Delay Type: min_max.
INFO: [Timing 38-191] Multithreading enabled for timing update using a maximum of 4 CPUs
INFO: [runtcl-4] Executing : report_incremental_reuse -file simple_arm_wrapper_incremental_reuse_routed.rpt
INFO: [Vivado_Tcl 4-1062] Incremental flow is disabled. No incremental reuse Info to report.
INFO: [runtcl-4] Executing : report_clock_utilization -file simple_arm_wrapper_clock_utilization_routed.rpt
INFO: [runtcl-4] Executing : report_bus_skew -warn_on_violation -file simple_arm_wrapper_bus_skew_routed.rpt -pb simple_arm_wrapper_bus_skew_routed.pb -rpx simple_arm_wrapper_bus_skew_routed.rpx
INFO: [Timing 38-91] UpdateTimingParams: Speed grade: -1, Delay Type: min_max.
INFO: [Timing 38-191] Multithreading enabled for timing update using a maximum of 4 CPUs
Command: write_bitstream -force simple_arm_wrapper.bit
Attempting to get a license for feature 'Implementation' and/or device 'xc7z020'
INFO: [Common 17-349] Got license for feature 'Implementation' and/or device 'xc7z020'
Running DRC as a precondition to command write_bitstream
INFO: [IP_Flow 19-1839] IP Catalog is up to date.
INFO: [DRC 23-27] Running DRC with 4 threads
INFO: [Vivado 12-3199] DRC finished with 0 Errors
INFO: [Vivado 12-3200] Please refer to the DRC report (report_drc) for more information.
INFO: [Designutils 20-2272] Running write_bitstream with 4 threads.
Loading data files...
Loading site data...
Loading route data...
Processing options...
Creating bitmap...
Creating bitstream...
Writing bitstream ./simple_arm_wrapper.bit...
INFO: [Vivado 12-1842] Bitgen Completed Successfully.
INFO: [Common 17-83] Releasing license: Implementation
11 Infos, 0 Warnings, 0 Critical Warnings and 0 Errors encountered.
write_bitstream completed successfully
write_bitstream: Time (s): cpu = 00:00:15 ; elapsed = 00:00:22 . Memory (MB): peak = 3502.242 ; gain = 305.730 ; free physical = 18844 ; free virtual = 32037
INFO: [Common 17-206] Exiting Vivado at Sat Apr 13 16:03:54 2024...
