Copyright 1986-2020 Xilinx, Inc. All Rights Reserved.
------------------------------------------------------------------------------------
| Tool Version : Vivado v.2020.2 (lin64) Build 3064766 Wed Nov 18 09:12:47 MST 2020
| Date         : Sat Apr 13 15:59:04 2024
| Host         : localhost.localdomain running 64-bit openSUSE Leap 15.4
| Command      : upgrade_ip
| Device       : xc7z020clg484-1
------------------------------------------------------------------------------------

Upgrade Log for IP 'simple_arm_fpadd_ip_0_0'

1. Summary
----------

SUCCESS in the upgrade of simple_arm_fpadd_ip_0_0 (xilinx.com:user:fpadd_ip:1.0) from (Rev. 8) to (Rev. 9)






Copyright 1986-2020 Xilinx, Inc. All Rights Reserved.
------------------------------------------------------------------------------------
| Tool Version : Vivado v.2020.2 (lin64) Build 3064766 Wed Nov 18 09:12:47 MST 2020
| Date         : Sat Apr 13 15:23:02 2024
| Host         : localhost.localdomain running 64-bit openSUSE Leap 15.4
| Command      : upgrade_ip
| Device       : xc7z020clg484-1
------------------------------------------------------------------------------------

Upgrade Log for IP 'simple_arm_fpadd_ip_0_0'

1. Summary
----------

SUCCESS in the upgrade of simple_arm_fpadd_ip_0_0 (xilinx.com:user:fpadd_ip:1.0) from (Rev. 7) to (Rev. 8)






Copyright 1986-2020 Xilinx, Inc. All Rights Reserved.
------------------------------------------------------------------------------------
| Tool Version : Vivado v.2020.2 (lin64) Build 3064766 Wed Nov 18 09:12:47 MST 2020
| Date         : Sat Apr 13 15:13:13 2024
| Host         : localhost.localdomain running 64-bit openSUSE Leap 15.4
| Command      : upgrade_ip
| Device       : xc7z020clg484-1
------------------------------------------------------------------------------------

Upgrade Log for IP 'simple_arm_fpadd_ip_0_0'

1. Summary
----------

SUCCESS in the upgrade of simple_arm_fpadd_ip_0_0 (xilinx.com:user:fpadd_ip:1.0) from (Rev. 6) to (Rev. 7)






Copyright 1986-2020 Xilinx, Inc. All Rights Reserved.
------------------------------------------------------------------------------------
| Tool Version : Vivado v.2020.2 (lin64) Build 3064766 Wed Nov 18 09:12:47 MST 2020
| Date         : Sat Apr 13 14:38:38 2024
| Host         : localhost.localdomain running 64-bit openSUSE Leap 15.4
| Command      : upgrade_ip
| Device       : xc7z020clg484-1
------------------------------------------------------------------------------------

Upgrade Log for IP 'simple_arm_fpadd_ip_0_0'

1. Summary
----------

SUCCESS in the upgrade of simple_arm_fpadd_ip_0_0 (xilinx.com:user:fpadd_ip:1.0) from (Rev. 5) to (Rev. 6)






Copyright 1986-2020 Xilinx, Inc. All Rights Reserved.
------------------------------------------------------------------------------------
| Tool Version : Vivado v.2020.2 (lin64) Build 3064766 Wed Nov 18 09:12:47 MST 2020
| Date         : Sat Apr 13 14:30:19 2024
| Host         : localhost.localdomain running 64-bit openSUSE Leap 15.4
| Command      : upgrade_ip
| Device       : xc7z020clg484-1
------------------------------------------------------------------------------------

Upgrade Log for IP 'simple_arm_fpadd_ip_0_0'

1. Summary
----------

SUCCESS in the conversion of simple_arm_fpadd_ip_0_0 (xilinx.com:user:fpadd_ip:1.0 (Rev. 5)) to Vivado generation flows.






Copyright 1986-2020 Xilinx, Inc. All Rights Reserved.
------------------------------------------------------------------------------------
| Tool Version : Vivado v.2020.2 (lin64) Build 3064766 Wed Nov 18 09:12:47 MST 2020
| Date         : Sat Apr 13 14:16:54 2024
| Host         : localhost.localdomain running 64-bit openSUSE Leap 15.4
| Command      : upgrade_ip
| Device       : xc7z020clg484-1
------------------------------------------------------------------------------------

Upgrade Log for IP 'simple_arm_fpadd_ip_0_0'

1. Summary
----------

SUCCESS in the upgrade of simple_arm_fpadd_ip_0_0 (xilinx.com:user:fpadd_ip:1.0) from (Rev. 4) to (Rev. 5)






Copyright 1986-2020 Xilinx, Inc. All Rights Reserved.
------------------------------------------------------------------------------------
| Tool Version : Vivado v.2020.2 (lin64) Build 3064766 Wed Nov 18 09:12:47 MST 2020
| Date         : Sat Apr 13 14:03:50 2024
| Host         : localhost.localdomain running 64-bit openSUSE Leap 15.4
| Command      : upgrade_ip
| Device       : xc7z020clg484-1
------------------------------------------------------------------------------------

Upgrade Log for IP 'simple_arm_fpadd_ip_0_0'

1. Summary
----------

SUCCESS in the upgrade of simple_arm_fpadd_ip_0_0 (xilinx.com:user:fpadd_ip:1.0) from (Rev. 3) to (Rev. 4)






Copyright 1986-2020 Xilinx, Inc. All Rights Reserved.
------------------------------------------------------------------------------------
| Tool Version : Vivado v.2020.2 (lin64) Build 3064766 Wed Nov 18 09:12:47 MST 2020
| Date         : Sat Apr 13 13:42:58 2024
| Host         : localhost.localdomain running 64-bit openSUSE Leap 15.4
| Command      : upgrade_ip
| Device       : xc7z020clg484-1
------------------------------------------------------------------------------------

Upgrade Log for IP 'simple_arm_fpadd_ip_0_0'

1. Summary
----------

SUCCESS in the upgrade of simple_arm_fpadd_ip_0_0 (xilinx.com:user:fpadd_ip:1.0) from (Rev. 2) to (Rev. 3)

